10 Feb 09:36:07 - Listening port 3000
[90mGET /javascripts/libs/require-jquery.js [36m304 [90m15ms[0m
[90mGET /stylesheets/style.css [32m200 [90m6ms - 541[0m
[90mGET /javascripts/main.js [36m304 [90m1ms[0m
[90mGET /javascripts/libs/underscore-min.js [36m304 [90m1ms[0m
[90mGET /javascripts/app.js [36m304 [90m1ms[0m
[90mGET /javascripts/libs/backbone-min.js [36m304 [90m0ms[0m
[90mGET /javascripts/routers/home.js [36m304 [90m1ms[0m
[90mGET /javascripts/views/view.js [36m304 [90m0ms[0m
[90mGET /javascripts/libs/text.js [36m304 [90m1ms[0m
[90mGET /javascripts/models/model.js [36m304 [90m37ms[0m
[90mGET /javascripts/templates/main.html [36m304 [90m1ms[0m
[90mGET /index.html [36m304 [90m3ms[0m
[90mGET /lib/svg-edit-2.7/jquery.js [36m304 [90m5ms[0m
[90mGET /lib/svg-edit-2.7/jgraduate/css/jgraduate.css [36m304 [90m5ms[0m
[90mGET /lib/svg-edit-2.7/jgraduate/css/jPicker.css [36m304 [90m5ms[0m
[90mGET /lib/svg-edit-2.7/spinbtn/JQuerySpinBtn.css [36m304 [90m4ms[0m
[90mGET /style.css [36m304 [90m4ms[0m
[90mGET /lib/svg-edit-2.7/svg-editor.css [36m304 [90m6ms[0m
[90mGET /lib/svg-edit-2.7/jquerybbq/jquery.bbq.min.js [36m304 [90m4ms[0m
[90mGET /lib/svg-edit-2.7/js-hotkeys/jquery.hotkeys.min.js [36m304 [90m5ms[0m
[90mGET /lib/svg-edit-2.7/svgicons/jquery.svgicons.js [36m304 [90m2ms[0m
[90mGET /lib/svg-edit-2.7/spinbtn/JQuerySpinBtn.min.js [36m304 [90m3ms[0m
[90mGET /lib/svg-edit-2.7/jgraduate/jquery.jgraduate.min.js [36m304 [90m2ms[0m
[90mGET /lib/svg-edit-2.7/touch.js [36m304 [90m2ms[0m
[90mGET /lib/svg-edit-2.7/svgedit.compiled.js [36m304 [90m1ms[0m
[90mGET /lib/svg-edit-2.7/config.js [36m304 [90m2ms[0m
[90mGET /lib/svg-edit-2.7/jquery-ui/jquery-ui-1.8.17.custom.min.js [36m304 [90m3ms[0m
[90mGET /lib/svg-edit-2.7/jgraduate/jpicker.js [36m304 [90m1ms[0m
[90mGET /lib/svg-edit-2.7/images/svg_edit_icons.svg [36m304 [90m3ms[0m
[90mGET /lib/svg-edit-2.7/locale/lang.en.js?_=1423528944728 [32m200 [90m3ms - 8.96kb[0m
[90mGET /lib/svg-edit-2.7/images/rotate.png [36m304 [90m1ms[0m
[90mGET /lib/svg-edit-2.7/spinbtn/spinbtn_updn.png [36m304 [90m1ms[0m
[90mGET /images/logo.png [33m404 [90m2ms[0m
[90mGET /index.html [36m304 [90m1ms[0m
[90mGET /lib/svg-edit-2.7/jgraduate/css/jPicker.css [36m304 [90m6ms[0m
[90mGET /lib/svg-edit-2.7/svg-editor.css [36m304 [90m5ms[0m
[90mGET /style.css [36m304 [90m6ms[0m
[90mGET /lib/svg-edit-2.7/jquerybbq/jquery.bbq.min.js [36m304 [90m6ms[0m
[90mGET /lib/svg-edit-2.7/jquery.js [36m304 [90m6ms[0m
[90mGET /lib/svg-edit-2.7/svgicons/jquery.svgicons.js [36m304 [90m6ms[0m
[90mGET /lib/svg-edit-2.7/spinbtn/JQuerySpinBtn.css [36m304 [90m1ms[0m
[90mGET /lib/svg-edit-2.7/jgraduate/css/jgraduate.css [36m304 [90m2ms[0m
[90mGET /lib/svg-edit-2.7/js-hotkeys/jquery.hotkeys.min.js [36m304 [90m2ms[0m
[90mGET /lib/svg-edit-2.7/jgraduate/jquery.jgraduate.min.js [36m304 [90m2ms[0m
[90mGET /lib/svg-edit-2.7/spinbtn/JQuerySpinBtn.min.js [36m304 [90m3ms[0m
[90mGET /lib/svg-edit-2.7/touch.js [36m304 [90m2ms[0m
[90mGET /lib/svg-edit-2.7/jgraduate/jpicker.js [36m304 [90m2ms[0m
[90mGET /lib/svg-edit-2.7/jquery-ui/jquery-ui-1.8.17.custom.min.js [36m304 [90m1ms[0m
[90mGET /lib/svg-edit-2.7/config.js [36m304 [90m3ms[0m
[90mGET /lib/svg-edit-2.7/svgedit.compiled.js [36m304 [90m1ms[0m
[90mGET /lib/svg-edit-2.7/locale/lang.en.js?_=1423561130967 [32m200 [90m2ms - 8.96kb[0m
[90mGET /lib/svg-edit-2.7/images/svg_edit_icons.svg [36m304 [90m2ms[0m
[90mGET /lib/svg-edit-2.7/images/rotate.png [36m304 [90m1ms[0m
[90mGET /lib/svg-edit-2.7/spinbtn/spinbtn_updn.png [36m304 [90m1ms[0m
[90mGET /images/logo.png [33m404 [90m1ms[0m
[90mGET /index.html [32m200 [90m4ms - 28.59kb[0m
[90mGET /lib/svg-edit-2.7/jgraduate/css/jPicker.css [32m200 [90m2ms - 3.46kb[0m
[90mGET /lib/svg-edit-2.7/jgraduate/css/jgraduate.css [32m200 [90m2ms - 5.41kb[0m
[90mGET /lib/svg-edit-2.7/svg-editor.css [32m200 [90m2ms - 23.36kb[0m
[90mGET /lib/svg-edit-2.7/spinbtn/JQuerySpinBtn.css [32m200 [90m2ms - 2.08kb[0m
[90mGET /style.css [32m200 [90m1ms - 552[0m
[90mGET /lib/svg-edit-2.7/jquery.js [32m200 [90m2ms - 91.67kb[0m
[90mGET /lib/svg-edit-2.7/js-hotkeys/jquery.hotkeys.min.js [32m200 [90m3ms - 1.81kb[0m
[90mGET /lib/svg-edit-2.7/jquerybbq/jquery.bbq.min.js [32m200 [90m3ms - 4.03kb[0m
[90mGET /lib/svg-edit-2.7/svgicons/jquery.svgicons.js [32m200 [90m2ms - 13.92kb[0m
[90mGET /lib/svg-edit-2.7/jgraduate/jquery.jgraduate.min.js [32m200 [90m1ms - 19.14kb[0m
[90mGET /lib/svg-edit-2.7/spinbtn/JQuerySpinBtn.min.js [32m200 [90m2ms - 3.51kb[0m
[90mGET /lib/svg-edit-2.7/touch.js [32m200 [90m2ms - 1.13kb[0m
[90mGET /lib/svg-edit-2.7/svgedit.compiled.js [32m200 [90m4ms - 244.48kb[0m
[90mGET /lib/svg-edit-2.7/config.js [32m200 [90m2ms - 427[0m
[90mGET /lib/svg-edit-2.7/jquery-ui/jquery-ui-1.8.17.custom.min.js [32m200 [90m4ms - 38.3kb[0m
[90mGET /lib/svg-edit-2.7/jgraduate/jpicker.js [32m200 [90m4ms - 97.71kb[0m
[90mGET /lib/svg-edit-2.7/locale/lang.en.js?_=1423560828491 [32m200 [90m2ms - 8.96kb[0m
[90mGET /lib/svg-edit-2.7/images/svg_edit_icons.svg [32m200 [90m1ms - 64.8kb[0m
[90mGET /lib/svg-edit-2.7/images/rotate.png [32m200 [90m1ms - 1.46kb[0m
[90mGET /lib/svg-edit-2.7/images/logo.png [32m200 [90m1ms - 3.89kb[0m
[90mGET /lib/svg-edit-2.7/spinbtn/spinbtn_updn.png [32m200 [90m6ms - 666[0m
[90mGET /images/logo.png [33m404 [90m1ms[0m
[90mGET /index.html [32m200 [90m14ms - 28.59kb[0m
[90mGET /lib/svg-edit-2.7/jgraduate/css/jPicker.css [32m200 [90m12ms - 3.46kb[0m
[90mGET /lib/svg-edit-2.7/jgraduate/css/jgraduate.css [32m200 [90m3ms - 5.41kb[0m
[90mGET /lib/svg-edit-2.7/svg-editor.css [32m200 [90m2ms - 23.36kb[0m
[90mGET /style.css [32m200 [90m2ms - 552[0m
[90mGET /lib/svg-edit-2.7/spinbtn/JQuerySpinBtn.css [32m200 [90m12ms - 2.08kb[0m
[90mGET /lib/svg-edit-2.7/jquery.js [32m200 [90m11ms - 91.67kb[0m
[90mGET /lib/svg-edit-2.7/js-hotkeys/jquery.hotkeys.min.js [32m200 [90m5ms - 1.81kb[0m
[90mGET /lib/svg-edit-2.7/jquerybbq/jquery.bbq.min.js [32m200 [90m2ms - 4.03kb[0m
[90mGET /lib/svg-edit-2.7/svgicons/jquery.svgicons.js [32m200 [90m2ms - 13.92kb[0m
[90mGET /lib/svg-edit-2.7/jgraduate/jquery.jgraduate.min.js [32m200 [90m6ms - 19.14kb[0m
[90mGET /lib/svg-edit-2.7/spinbtn/JQuerySpinBtn.min.js [32m200 [90m2ms - 3.51kb[0m
[90mGET /lib/svg-edit-2.7/svgedit.compiled.js [32m200 [90m13ms - 244.48kb[0m
[90mGET /lib/svg-edit-2.7/touch.js [32m200 [90m11ms - 1.13kb[0m
[90mGET /lib/svg-edit-2.7/config.js [32m200 [90m4ms - 427[0m
[90mGET /lib/svg-edit-2.7/jquery-ui/jquery-ui-1.8.17.custom.min.js [32m200 [90m7ms - 38.3kb[0m
[90mGET /lib/svg-edit-2.7/jgraduate/jpicker.js [32m200 [90m9ms - 97.71kb[0m
[90mGET /lib/svg-edit-2.7/images/logo.png [32m200 [90m2ms - 3.89kb[0m
[90mGET /lib/svg-edit-2.7/images/logo.png [36m304 [90m1ms[0m
[90mGET /lib/svg-edit-2.7/locale/lang.en.js?_=1423571026349 [32m200 [90m16ms - 8.96kb[0m
[90mGET /lib/svg-edit-2.7/images/svg_edit_icons.svg [32m200 [90m21ms - 64.8kb[0m
[90mGET /images/logo.png [33m404 [90m1ms[0m
[90mGET /lib/svg-edit-2.7/spinbtn/spinbtn_updn.png [32m200 [90m9ms - 666[0m
[90mGET /index.html [36m304 [90m1ms[0m
[90mGET /lib/svg-edit-2.7/jquery.js [36m304 [90m1ms[0m
[90mGET /style.css [36m304 [90m1ms[0m
[90mGET /lib/svg-edit-2.7/spinbtn/JQuerySpinBtn.min.js [36m304 [90m2ms[0m
[90mGET /lib/svg-edit-2.7/svgicons/jquery.svgicons.js [36m304 [90m2ms[0m
[90mGET /lib/svg-edit-2.7/js-hotkeys/jquery.hotkeys.min.js [36m304 [90m3ms[0m
[90mGET /lib/svg-edit-2.7/touch.js [36m304 [90m2ms[0m
[90mGET /lib/svg-edit-2.7/jgraduate/jquery.jgraduate.min.js [36m304 [90m1ms[0m
[90mGET /lib/svg-edit-2.7/jquerybbq/jquery.bbq.min.js [36m304 [90m1ms[0m
[90mGET /lib/svg-edit-2.7/config.js [36m304 [90m1ms[0m
[90mGET /lib/svg-edit-2.7/jquery-ui/jquery-ui-1.8.17.custom.min.js [36m304 [90m1ms[0m
[90mGET /lib/svg-edit-2.7/jgraduate/jpicker.js [36m304 [90m2ms[0m
[90mGET /lib/svg-edit-2.7/jgraduate/css/jPicker.css [36m304 [90m1ms[0m
[90mGET /lib/svg-edit-2.7/svgedit.compiled.js [36m304 [90m1ms[0m
[90mGET /lib/svg-edit-2.7/spinbtn/JQuerySpinBtn.css [36m304 [90m1ms[0m
[90mGET /lib/svg-edit-2.7/jgraduate/css/jgraduate.css [36m304 [90m2ms[0m
[90mGET /lib/svg-edit-2.7/svg-editor.css [36m304 [90m1ms[0m
[90mGET /lib/svg-edit-2.7/images/logo.png [36m304 [90m1ms[0m
[90mGET /lib/svg-edit-2.7/locale/lang.en.js?_=1423571120892 [32m200 [90m2ms - 8.96kb[0m
[90mGET /lib/svg-edit-2.7/images/logo.png [36m304 [90m1ms[0m
[90mGET /lib/svg-edit-2.7/images/svg_edit_icons.svg [36m304 [90m1ms[0m
[90mGET /images/logo.png [33m404 [90m3ms[0m
[90mGET /lib/svg-edit-2.7/spinbtn/spinbtn_updn.png [36m304 [90m1ms[0m
[90mGET /lib/svg-edit-2.7/images/rotate.png [32m200 [90m29ms - 1.46kb[0m
[90mGET /index.html [32m200 [90m2ms - 28.59kb[0m
[90mGET /lib/svg-edit-2.7/spinbtn/JQuerySpinBtn.css [32m200 [90m24ms - 2.08kb[0m
[90mGET /lib/svg-edit-2.7/jquery.js [32m200 [90m26ms - 91.67kb[0m
[90mGET /style.css [32m200 [90m27ms - 552[0m
[90mGET /lib/svg-edit-2.7/svg-editor.css [32m200 [90m7ms - 23.36kb[0m
[90mGET /lib/svg-edit-2.7/jgraduate/css/jPicker.css [32m200 [90m44ms - 3.46kb[0m
[90mGET /lib/svg-edit-2.7/jgraduate/css/jgraduate.css [32m200 [90m43ms - 5.41kb[0m
[90mGET /lib/svg-edit-2.7/js-hotkeys/jquery.hotkeys.min.js [32m200 [90m2ms - 1.81kb[0m
[90mGET /lib/svg-edit-2.7/jquerybbq/jquery.bbq.min.js [32m200 [90m2ms - 4.03kb[0m
[90mGET /lib/svg-edit-2.7/svgicons/jquery.svgicons.js [32m200 [90m2ms - 13.92kb[0m
[90mGET /lib/svg-edit-2.7/spinbtn/JQuerySpinBtn.min.js [32m200 [90m1ms - 3.51kb[0m
[90mGET /lib/svg-edit-2.7/jgraduate/jquery.jgraduate.min.js [32m200 [90m4ms - 19.14kb[0m
[90mGET /lib/svg-edit-2.7/touch.js [32m200 [90m4ms - 1.13kb[0m
[90mGET /lib/svg-edit-2.7/svgedit.compiled.js [32m200 [90m3ms - 244.48kb[0m
[90mGET /lib/svg-edit-2.7/config.js [32m200 [90m3ms - 427[0m
[90mGET /lib/svg-edit-2.7/jquery-ui/jquery-ui-1.8.17.custom.min.js [32m200 [90m2ms - 38.3kb[0m
[90mGET /lib/svg-edit-2.7/jgraduate/jpicker.js [32m200 [90m2ms - 97.71kb[0m
[90mGET /lib/svg-edit-2.7/locale/lang.en.js?_=1423589381893 [32m200 [90m4ms - 8.96kb[0m
[90mGET /lib/svg-edit-2.7/images/svg_edit_icons.svg [32m200 [90m3ms - 64.8kb[0m
[90mGET /lib/svg-edit-2.7/images/rotate.png [32m200 [90m2ms - 1.46kb[0m
[90mGET /lib/svg-edit-2.7/spinbtn/spinbtn_updn.png [32m200 [90m2ms - 666[0m
[90mGET /images/logo.png [33m404 [90m2ms[0m
[90mGET /index.html [32m200 [90m7ms - 28.59kb[0m
[90mGET /lib/svg-edit-2.7/jgraduate/css/jgraduate.css [32m200 [90m5ms - 5.41kb[0m
[90mGET /lib/svg-edit-2.7/svg-editor.css [32m200 [90m4ms - 23.36kb[0m
[90mGET /lib/svg-edit-2.7/spinbtn/JQuerySpinBtn.css [32m200 [90m5ms - 2.08kb[0m
[90mGET /style.css [32m200 [90m2ms - 552[0m
[90mGET /lib/svg-edit-2.7/jquery.js [32m200 [90m7ms - 91.67kb[0m
[90mGET /lib/svg-edit-2.7/jgraduate/css/jPicker.css [32m200 [90m6ms - 3.46kb[0m
[90mGET /lib/svg-edit-2.7/js-hotkeys/jquery.hotkeys.min.js [32m200 [90m2ms - 1.81kb[0m
[90mGET /lib/svg-edit-2.7/jquerybbq/jquery.bbq.min.js [32m200 [90m2ms - 4.03kb[0m
[90mGET /lib/svg-edit-2.7/jgraduate/jquery.jgraduate.min.js [32m200 [90m3ms - 19.14kb[0m
[90mGET /lib/svg-edit-2.7/spinbtn/JQuerySpinBtn.min.js [32m200 [90m2ms - 3.51kb[0m
[90mGET /lib/svg-edit-2.7/svgicons/jquery.svgicons.js [32m200 [90m2ms - 13.92kb[0m
[90mGET /lib/svg-edit-2.7/touch.js [32m200 [90m2ms - 1.13kb[0m
[90mGET /lib/svg-edit-2.7/svgedit.compiled.js [32m200 [90m3ms - 244.48kb[0m
[90mGET /lib/svg-edit-2.7/config.js [32m200 [90m2ms - 427[0m
[90mGET /lib/svg-edit-2.7/jquery-ui/jquery-ui-1.8.17.custom.min.js [32m200 [90m5ms - 38.3kb[0m
[90mGET /lib/svg-edit-2.7/jgraduate/jpicker.js [32m200 [90m2ms - 97.71kb[0m
[90mGET /lib/svg-edit-2.7/locale/lang.en.js?_=1423598312144 [32m200 [90m4ms - 8.96kb[0m
[90mGET /lib/svg-edit-2.7/images/svg_edit_icons.svg [32m200 [90m4ms - 64.8kb[0m
[90mGET /lib/svg-edit-2.7/images/rotate.png [32m200 [90m4ms - 1.46kb[0m
[90mGET /lib/svg-edit-2.7/spinbtn/spinbtn_updn.png [32m200 [90m3ms - 666[0m
[90mGET /images/logo.png [33m404 [90m1ms[0m
[90mGET /index.html [32m200 [90m4ms - 28.59kb[0m
[90mGET /lib/svg-edit-2.7/jgraduate/css/jgraduate.css [32m200 [90m2ms - 5.41kb[0m
[90mGET /lib/svg-edit-2.7/jgraduate/css/jPicker.css [32m200 [90m2ms - 3.46kb[0m
[90mGET /lib/svg-edit-2.7/svg-editor.css [32m200 [90m2ms - 23.36kb[0m
[90mGET /lib/svg-edit-2.7/spinbtn/JQuerySpinBtn.css [32m200 [90m1ms - 2.08kb[0m
[90mGET /style.css [32m200 [90m1ms - 552[0m
[90mGET /lib/svg-edit-2.7/jquerybbq/jquery.bbq.min.js [32m200 [90m3ms - 4.03kb[0m
[90mGET /lib/svg-edit-2.7/jquery.js [32m200 [90m3ms - 91.67kb[0m
[90mGET /lib/svg-edit-2.7/js-hotkeys/jquery.hotkeys.min.js [32m200 [90m1ms - 1.81kb[0m
[90mGET /lib/svg-edit-2.7/svgicons/jquery.svgicons.js [32m200 [90m2ms - 13.92kb[0m
[90mGET /lib/svg-edit-2.7/jgraduate/jquery.jgraduate.min.js [32m200 [90m1ms - 19.14kb[0m
[90mGET /lib/svg-edit-2.7/spinbtn/JQuerySpinBtn.min.js [32m200 [90m3ms - 3.51kb[0m
[90mGET /lib/svg-edit-2.7/touch.js [32m200 [90m1ms - 1.13kb[0m
[90mGET /lib/svg-edit-2.7/svgedit.compiled.js [32m200 [90m4ms - 244.48kb[0m
[90mGET /lib/svg-edit-2.7/images/logo.png [32m200 [90m2ms - 3.89kb[0m
[90mGET /lib/svg-edit-2.7/jgraduate/jpicker.js [32m200 [90m4ms - 97.71kb[0m
[90mGET /lib/svg-edit-2.7/config.js [32m200 [90m3ms - 427[0m
[90mGET /lib/svg-edit-2.7/jquery-ui/jquery-ui-1.8.17.custom.min.js [32m200 [90m2ms - 38.3kb[0m
[90mGET /lib/svg-edit-2.7/images/logo.png [36m304 [90m1ms[0m
[90mGET /lib/svg-edit-2.7/images/svg_edit_icons.svg [32m200 [90m5ms - 64.8kb[0m
[90mGET /lib/svg-edit-2.7/locale/lang.en.js?_=1423601683754 [32m200 [90m5ms - 8.96kb[0m
[90mGET /lib/svg-edit-2.7/images/logo.png [32m200 [90m1ms - 3.89kb[0m
[90mGET /images/logo.png [33m404 [90m1ms[0m
[90mGET /lib/svg-edit-2.7/spinbtn/spinbtn_updn.png [32m200 [90m2ms - 666[0m
[90mGET /index.html [36m304 [90m3ms[0m
[90mGET /lib/svg-edit-2.7/jgraduate/css/jPicker.css [36m304 [90m2ms[0m
[90mGET /lib/svg-edit-2.7/jgraduate/css/jgraduate.css [36m304 [90m3ms[0m
[90mGET /lib/svg-edit-2.7/svg-editor.css [36m304 [90m3ms[0m
[90mGET /lib/svg-edit-2.7/spinbtn/JQuerySpinBtn.css [36m304 [90m4ms[0m
[90mGET /lib/svg-edit-2.7/jquery.js [36m304 [90m3ms[0m
[90mGET /style.css [36m304 [90m2ms[0m
[90mGET /lib/svg-edit-2.7/js-hotkeys/jquery.hotkeys.min.js [36m304 [90m2ms[0m
[90mGET /lib/svg-edit-2.7/jquerybbq/jquery.bbq.min.js [36m304 [90m1ms[0m
[90mGET /lib/svg-edit-2.7/svgicons/jquery.svgicons.js [36m304 [90m3ms[0m
[90mGET /lib/svg-edit-2.7/jgraduate/jquery.jgraduate.min.js [36m304 [90m1ms[0m
[90mGET /lib/svg-edit-2.7/touch.js [36m304 [90m2ms[0m
[90mGET /lib/svg-edit-2.7/spinbtn/JQuerySpinBtn.min.js [36m304 [90m2ms[0m
[90mGET /lib/svg-edit-2.7/svgedit.compiled.js [36m304 [90m1ms[0m
[90mGET /lib/svg-edit-2.7/config.js [36m304 [90m2ms[0m
[90mGET /lib/svg-edit-2.7/jquery-ui/jquery-ui-1.8.17.custom.min.js [36m304 [90m1ms[0m
[90mGET /lib/svg-edit-2.7/jgraduate/jpicker.js [36m304 [90m1ms[0m
[90mGET /lib/svg-edit-2.7/images/svg_edit_icons.svg [36m304 [90m2ms[0m
[90mGET /lib/svg-edit-2.7/images/rotate.png [36m304 [90m3ms[0m
[90mGET /lib/svg-edit-2.7/locale/lang.en.js?_=1423601750772 [32m200 [90m5ms - 8.96kb[0m
[90mGET /lib/svg-edit-2.7/spinbtn/spinbtn_updn.png [36m304 [90m1ms[0m
[90mGET /images/logo.png [33m404 [90m1ms[0m
[90mGET /index.html [32m200 [90m5ms - 28.59kb[0m
[90mGET /lib/svg-edit-2.7/jgraduate/css/jPicker.css [32m200 [90m4ms - 3.46kb[0m
[90mGET /lib/svg-edit-2.7/jgraduate/css/jgraduate.css [32m200 [90m1ms - 5.41kb[0m
[90mGET /lib/svg-edit-2.7/spinbtn/JQuerySpinBtn.css [32m200 [90m2ms - 2.08kb[0m
[90mGET /lib/svg-edit-2.7/svg-editor.css [32m200 [90m1ms - 23.36kb[0m
[90mGET /lib/svg-edit-2.7/jquery.js [32m200 [90m2ms - 91.67kb[0m
[90mGET /style.css [32m200 [90m1ms - 552[0m
[90mGET /lib/svg-edit-2.7/js-hotkeys/jquery.hotkeys.min.js [32m200 [90m3ms - 1.81kb[0m
[90mGET /lib/svg-edit-2.7/jquerybbq/jquery.bbq.min.js [32m200 [90m1ms - 4.03kb[0m
[90mGET /lib/svg-edit-2.7/svgicons/jquery.svgicons.js [32m200 [90m2ms - 13.92kb[0m
[90mGET /lib/svg-edit-2.7/jgraduate/jquery.jgraduate.min.js [32m200 [90m1ms - 19.14kb[0m
[90mGET /lib/svg-edit-2.7/spinbtn/JQuerySpinBtn.min.js [32m200 [90m2ms - 3.51kb[0m
[90mGET /lib/svg-edit-2.7/jquery-ui/jquery-ui-1.8.17.custom.min.js [32m200 [90m2ms - 38.3kb[0m
[90mGET /lib/svg-edit-2.7/config.js [32m200 [90m3ms - 427[0m
[90mGET /lib/svg-edit-2.7/svgedit.compiled.js [32m200 [90m3ms - 244.48kb[0m
[90mGET /lib/svg-edit-2.7/jgraduate/jpicker.js [32m200 [90m2ms - 97.71kb[0m
[90mGET /lib/svg-edit-2.7/touch.js [32m200 [90m2ms - 1.13kb[0m
[90mGET /lib/svg-edit-2.7/images/logo.png [32m200 [90m1ms - 3.89kb[0m
[90mGET /lib/svg-edit-2.7/images/logo.png [36m304 [90m1ms[0m
[90mGET /lib/svg-edit-2.7/locale/lang.en.js?_=1423601881476 [32m200 [90m6ms - 8.96kb[0m
[90mGET /lib/svg-edit-2.7/images/svg_edit_icons.svg [32m200 [90m8ms - 64.8kb[0m
[90mGET /images/logo.png [33m404 [90m2ms[0m
[90mGET /index.html [32m200 [90m2ms - 28.59kb[0m
[90mGET /lib/svg-edit-2.7/jgraduate/css/jPicker.css [32m200 [90m2ms - 3.46kb[0m
[90mGET /lib/svg-edit-2.7/jgraduate/css/jgraduate.css [32m200 [90m2ms - 5.41kb[0m
[90mGET /lib/svg-edit-2.7/svg-editor.css [32m200 [90m2ms - 23.36kb[0m
[90mGET /lib/svg-edit-2.7/spinbtn/JQuerySpinBtn.css [32m200 [90m2ms - 2.08kb[0m
[90mGET /lib/svg-edit-2.7/jquery.js [32m200 [90m3ms - 91.67kb[0m
[90mGET /style.css [32m200 [90m2ms - 552[0m
[90mGET /lib/svg-edit-2.7/js-hotkeys/jquery.hotkeys.min.js [32m200 [90m2ms - 1.81kb[0m
[90mGET /lib/svg-edit-2.7/svgicons/jquery.svgicons.js [32m200 [90m5ms - 13.92kb[0m
[90mGET /lib/svg-edit-2.7/jquerybbq/jquery.bbq.min.js [32m200 [90m3ms - 4.03kb[0m
[90mGET /lib/svg-edit-2.7/jgraduate/jquery.jgraduate.min.js [32m200 [90m2ms - 19.14kb[0m
[90mGET /lib/svg-edit-2.7/spinbtn/JQuerySpinBtn.min.js [32m200 [90m2ms - 3.51kb[0m
[90mGET /lib/svg-edit-2.7/config.js [32m200 [90m2ms - 427[0m
[90mGET /lib/svg-edit-2.7/touch.js [32m200 [90m4ms - 1.13kb[0m
[90mGET /lib/svg-edit-2.7/svgedit.compiled.js [32m200 [90m6ms - 244.48kb[0m
[90mGET /lib/svg-edit-2.7/jquery-ui/jquery-ui-1.8.17.custom.min.js [32m200 [90m2ms - 38.3kb[0m
[90mGET /lib/svg-edit-2.7/jgraduate/jpicker.js [32m200 [90m3ms - 97.71kb[0m
[90mGET /lib/svg-edit-2.7/images/logo.png [32m200 [90m1ms - 3.89kb[0m
[90mGET /lib/svg-edit-2.7/images/logo.png [36m304 [90m2ms[0m
[90mGET /lib/svg-edit-2.7/locale/lang.en.js?_=1423601903990 [32m200 [90m6ms - 8.96kb[0m
[90mGET /lib/svg-edit-2.7/images/svg_edit_icons.svg [32m200 [90m5ms - 64.8kb[0m
[90mGET /images/logo.png [33m404 [90m1ms[0m
[90mGET /lib/svg-edit-2.7/spinbtn/spinbtn_updn.png [32m200 [90m3ms - 666[0m
[90mGET /index.html [36m304 [90m3ms[0m
[90mGET /lib/svg-edit-2.7/jgraduate/css/jPicker.css [36m304 [90m2ms[0m
[90mGET /lib/svg-edit-2.7/svg-editor.css [36m304 [90m2ms[0m
[90mGET /lib/svg-edit-2.7/jgraduate/css/jgraduate.css [36m304 [90m1ms[0m
[90mGET /lib/svg-edit-2.7/spinbtn/JQuerySpinBtn.css [36m304 [90m2ms[0m
[90mGET /lib/svg-edit-2.7/jquery.js [36m304 [90m1ms[0m
[90mGET /style.css [36m304 [90m1ms[0m
[90mGET /lib/svg-edit-2.7/js-hotkeys/jquery.hotkeys.min.js [36m304 [90m2ms[0m
[90mGET /lib/svg-edit-2.7/jquerybbq/jquery.bbq.min.js [36m304 [90m2ms[0m
[90mGET /lib/svg-edit-2.7/svgicons/jquery.svgicons.js [36m304 [90m2ms[0m
[90mGET /lib/svg-edit-2.7/jgraduate/jquery.jgraduate.min.js [36m304 [90m0ms[0m
[90mGET /lib/svg-edit-2.7/spinbtn/JQuerySpinBtn.min.js [36m304 [90m1ms[0m
[90mGET /lib/svg-edit-2.7/touch.js [36m304 [90m0ms[0m
[90mGET /lib/svg-edit-2.7/svgedit.compiled.js [36m304 [90m1ms[0m
[90mGET /lib/svg-edit-2.7/config.js [36m304 [90m2ms[0m
[90mGET /lib/svg-edit-2.7/jquery-ui/jquery-ui-1.8.17.custom.min.js [36m304 [90m1ms[0m
[90mGET /lib/svg-edit-2.7/jgraduate/jpicker.js [36m304 [90m1ms[0m
[90mGET /lib/svg-edit-2.7/images/svg_edit_icons.svg [36m304 [90m2ms[0m
[90mGET /lib/svg-edit-2.7/locale/lang.en.js?_=1423601979838 [32m200 [90m3ms - 8.96kb[0m
[90mGET /lib/svg-edit-2.7/images/rotate.png [36m304 [90m2ms[0m
[90mGET /lib/svg-edit-2.7/images/logo.png [32m200 [90m2ms - 3.89kb[0m
[90mGET /images/logo.png [33m404 [90m2ms[0m
[90mGET /lib/svg-edit-2.7/images/rotate.png [32m200 [90m3ms - 1.46kb[0m
[90mGET /index.html [32m200 [90m7ms - 28.59kb[0m
[90mGET /lib/svg-edit-2.7/jgraduate/css/jPicker.css [32m200 [90m2ms - 3.46kb[0m
[90mGET /lib/svg-edit-2.7/jgraduate/css/jgraduate.css [32m200 [90m1ms - 5.41kb[0m
[90mGET /lib/svg-edit-2.7/js-hotkeys/jquery.hotkeys.min.js [32m200 [90m3ms - 1.81kb[0m
[90mGET /lib/svg-edit-2.7/spinbtn/JQuerySpinBtn.css [32m200 [90m3ms - 2.08kb[0m
[90mGET /lib/svg-edit-2.7/svg-editor.css [32m200 [90m3ms - 23.36kb[0m
[90mGET /lib/svg-edit-2.7/jquery.js [32m200 [90m3ms - 91.67kb[0m
[90mGET /lib/svg-edit-2.7/jquerybbq/jquery.bbq.min.js [32m200 [90m2ms - 4.03kb[0m
[90mGET /style.css [32m200 [90m2ms - 552[0m
[90mGET /lib/svg-edit-2.7/svgicons/jquery.svgicons.js [32m200 [90m2ms - 13.92kb[0m
[90mGET /lib/svg-edit-2.7/jgraduate/jquery.jgraduate.min.js [32m200 [90m1ms - 19.14kb[0m
[90mGET /lib/svg-edit-2.7/spinbtn/JQuerySpinBtn.min.js [32m200 [90m2ms - 3.51kb[0m
[90mGET /lib/svg-edit-2.7/touch.js [32m200 [90m2ms - 1.13kb[0m
[90mGET /lib/svg-edit-2.7/svgedit.compiled.js [32m200 [90m3ms - 244.48kb[0m
[90mGET /lib/svg-edit-2.7/config.js [32m200 [90m3ms - 427[0m
[90mGET /lib/svg-edit-2.7/jquery-ui/jquery-ui-1.8.17.custom.min.js [32m200 [90m2ms - 38.3kb[0m
[90mGET /lib/svg-edit-2.7/jgraduate/jpicker.js [32m200 [90m2ms - 97.71kb[0m
[90mGET /lib/svg-edit-2.7/locale/lang.en.js?_=1423602033264 [32m200 [90m3ms - 8.96kb[0m
[90mGET /lib/svg-edit-2.7/images/svg_edit_icons.svg [32m200 [90m3ms - 64.8kb[0m
[90mGET /lib/svg-edit-2.7/images/rotate.png [32m200 [90m2ms - 1.46kb[0m
[90mGET /lib/svg-edit-2.7/images/logo.png [32m200 [90m1ms - 3.89kb[0m
[90mGET /lib/svg-edit-2.7/spinbtn/spinbtn_updn.png [32m200 [90m2ms - 666[0m
[90mGET /images/logo.png [33m404 [90m1ms[0m
[90mGET /index.html [36m304 [90m2ms[0m
[90mGET /lib/svg-edit-2.7/jgraduate/css/jPicker.css [36m304 [90m2ms[0m
[90mGET /lib/svg-edit-2.7/jgraduate/css/jgraduate.css [36m304 [90m1ms[0m
[90mGET /lib/svg-edit-2.7/spinbtn/JQuerySpinBtn.css [36m304 [90m1ms[0m
[90mGET /lib/svg-edit-2.7/svg-editor.css [36m304 [90m1ms[0m
[90mGET /lib/svg-edit-2.7/jquery.js [36m304 [90m1ms[0m
[90mGET /style.css [36m304 [90m1ms[0m
[90mGET /lib/svg-edit-2.7/js-hotkeys/jquery.hotkeys.min.js [36m304 [90m2ms[0m
[90mGET /lib/svg-edit-2.7/jquerybbq/jquery.bbq.min.js [36m304 [90m1ms[0m
[90mGET /lib/svg-edit-2.7/svgicons/jquery.svgicons.js [36m304 [90m1ms[0m
[90mGET /lib/svg-edit-2.7/jgraduate/jquery.jgraduate.min.js [36m304 [90m1ms[0m
[90mGET /lib/svg-edit-2.7/spinbtn/JQuerySpinBtn.min.js [36m304 [90m1ms[0m
[90mGET /lib/svg-edit-2.7/touch.js [36m304 [90m0ms[0m
[90mGET /index.html [36m304 [90m1ms[0m
[90mGET /lib/svg-edit-2.7/svgedit.compiled.js [36m304 [90m1ms[0m
[90mGET /lib/svg-edit-2.7/jquery-ui/jquery-ui-1.8.17.custom.min.js [36m304 [90m2ms[0m
[90mGET /lib/svg-edit-2.7/config.js [36m304 [90m4ms[0m
[90mGET /lib/svg-edit-2.7/jgraduate/jpicker.js [36m304 [90m2ms[0m
[90mGET /lib/svg-edit-2.7/jgraduate/css/jgraduate.css [36m304 [90m2ms[0m
[90mGET /lib/svg-edit-2.7/spinbtn/JQuerySpinBtn.css [36m304 [90m2ms[0m
[90mGET /lib/svg-edit-2.7/svg-editor.css [36m304 [90m1ms[0m
[90mGET /style.css [36m304 [90m1ms[0m
[90mGET /lib/svg-edit-2.7/jgraduate/css/jPicker.css [36m304 [90m0ms[0m
[90mGET /lib/svg-edit-2.7/jquery.js [36m304 [90m1ms[0m
[90mGET /lib/svg-edit-2.7/images/svg_edit_icons.svg [36m304 [90m3ms[0m
[90mGET /lib/svg-edit-2.7/locale/lang.en.js?_=1423602123258 [32m200 [90m2ms - 8.96kb[0m
[90mGET /lib/svg-edit-2.7/images/rotate.png [36m304 [90m1ms[0m
[90mGET /lib/svg-edit-2.7/js-hotkeys/jquery.hotkeys.min.js [36m304 [90m2ms[0m
[90mGET /lib/svg-edit-2.7/jquerybbq/jquery.bbq.min.js [36m304 [90m2ms[0m
[90mGET /lib/svg-edit-2.7/svgicons/jquery.svgicons.js [36m304 [90m2ms[0m
[90mGET /lib/svg-edit-2.7/jgraduate/jquery.jgraduate.min.js [36m304 [90m1ms[0m
[90mGET /lib/svg-edit-2.7/spinbtn/JQuerySpinBtn.min.js [36m304 [90m1ms[0m
[90mGET /lib/svg-edit-2.7/touch.js [36m304 [90m1ms[0m
[90mGET /lib/svg-edit-2.7/svgedit.compiled.js [36m304 [90m1ms[0m
[90mGET /lib/svg-edit-2.7/config.js [36m304 [90m0ms[0m
[90mGET /lib/svg-edit-2.7/jquery-ui/jquery-ui-1.8.17.custom.min.js [36m304 [90m1ms[0m
[90mGET /lib/svg-edit-2.7/jgraduate/jpicker.js [36m304 [90m1ms[0m
[90mGET /lib/svg-edit-2.7/images/logo.png [36m304 [90m1ms[0m
[90mGET /lib/svg-edit-2.7/images/svg_edit_icons.svg [36m304 [90m2ms[0m
[90mGET /lib/svg-edit-2.7/locale/lang.en.js?_=1423602148961 [32m200 [90m4ms - 8.96kb[0m
[90mGET /lib/svg-edit-2.7/images/rotate.png [36m304 [90m2ms[0m
[90mGET /images/logo.png [33m404 [90m1ms[0m
[90mGET /lib/svg-edit-2.7/images/logo.png [36m304 [90m1ms[0m
[90mGET /images/logo.png [33m404 [90m1ms[0m
[90mGET /index.html [32m200 [90m3ms - 28.59kb[0m
[90mGET /lib/svg-edit-2.7/jgraduate/css/jPicker.css [32m200 [90m2ms - 3.46kb[0m
[90mGET /lib/svg-edit-2.7/jgraduate/css/jgraduate.css [32m200 [90m1ms - 5.41kb[0m
[90mGET /lib/svg-edit-2.7/svg-editor.css [32m200 [90m8ms - 23.36kb[0m
[90mGET /lib/svg-edit-2.7/spinbtn/JQuerySpinBtn.css [32m200 [90m10ms - 2.08kb[0m
[90mGET /style.css [32m200 [90m2ms - 552[0m
[90mGET /lib/svg-edit-2.7/jquery.js [32m200 [90m5ms - 91.67kb[0m
[90mGET /lib/svg-edit-2.7/js-hotkeys/jquery.hotkeys.min.js [32m200 [90m2ms - 1.81kb[0m
[90mGET /lib/svg-edit-2.7/jquerybbq/jquery.bbq.min.js [32m200 [90m1ms - 4.03kb[0m
[90mGET /lib/svg-edit-2.7/svgicons/jquery.svgicons.js [32m200 [90m2ms - 13.92kb[0m
[90mGET /lib/svg-edit-2.7/jgraduate/jquery.jgraduate.min.js [32m200 [90m3ms - 19.14kb[0m
[90mGET /lib/svg-edit-2.7/spinbtn/JQuerySpinBtn.min.js [32m200 [90m2ms - 3.51kb[0m
[90mGET /lib/svg-edit-2.7/touch.js [32m200 [90m2ms - 1.13kb[0m
[90mGET /lib/svg-edit-2.7/svgedit.compiled.js [32m200 [90m4ms - 244.48kb[0m
[90mGET /lib/svg-edit-2.7/jquery-ui/jquery-ui-1.8.17.custom.min.js [32m200 [90m2ms - 38.3kb[0m
[90mGET /lib/svg-edit-2.7/config.js [32m200 [90m2ms - 427[0m
[90mGET /lib/svg-edit-2.7/jgraduate/jpicker.js [32m200 [90m3ms - 97.71kb[0m
[90mGET /lib/svg-edit-2.7/images/logo.png [32m200 [90m2ms - 3.89kb[0m
[90mGET /lib/svg-edit-2.7/images/logo.png [36m304 [90m1ms[0m
[90mGET /lib/svg-edit-2.7/locale/lang.en.js?_=1423602201318 [32m200 [90m4ms - 8.96kb[0m
[90mGET /lib/svg-edit-2.7/images/svg_edit_icons.svg [32m200 [90m4ms - 64.8kb[0m
[90mGET /images/logo.png [33m404 [90m1ms[0m
[90mGET /lib/svg-edit-2.7/spinbtn/spinbtn_updn.png [32m200 [90m1ms - 666[0m
[90mGET /lib/svg-edit-2.7/images/rotate.png [32m200 [90m3ms - 1.46kb[0m
[90mGET /index.html [36m304 [90m3ms[0m
[90mGET /lib/svg-edit-2.7/jgraduate/css/jPicker.css [36m304 [90m1ms[0m
[90mGET /lib/svg-edit-2.7/jgraduate/css/jgraduate.css [36m304 [90m1ms[0m
[90mGET /lib/svg-edit-2.7/svg-editor.css [36m304 [90m1ms[0m
[90mGET /lib/svg-edit-2.7/spinbtn/JQuerySpinBtn.css [36m304 [90m1ms[0m
[90mGET /style.css [36m304 [90m1ms[0m
[90mGET /lib/svg-edit-2.7/jquery.js [36m304 [90m1ms[0m
[90mGET /lib/svg-edit-2.7/js-hotkeys/jquery.hotkeys.min.js [36m304 [90m2ms[0m
[90mGET /lib/svg-edit-2.7/jquerybbq/jquery.bbq.min.js [36m304 [90m2ms[0m
[90mGET /lib/svg-edit-2.7/svgicons/jquery.svgicons.js [36m304 [90m1ms[0m
[90mGET /lib/svg-edit-2.7/jgraduate/jquery.jgraduate.min.js [36m304 [90m2ms[0m
[90mGET /lib/svg-edit-2.7/spinbtn/JQuerySpinBtn.min.js [36m304 [90m2ms[0m
[90mGET /lib/svg-edit-2.7/svgedit.compiled.js [36m304 [90m1ms[0m
[90mGET /lib/svg-edit-2.7/touch.js [36m304 [90m1ms[0m
[90mGET /lib/svg-edit-2.7/config.js [36m304 [90m1ms[0m
[90mGET /lib/svg-edit-2.7/jquery-ui/jquery-ui-1.8.17.custom.min.js [36m304 [90m2ms[0m
[90mGET /lib/svg-edit-2.7/jgraduate/jpicker.js [36m304 [90m2ms[0m
[90mGET /lib/svg-edit-2.7/images/logo.png [36m304 [90m1ms[0m
[90mGET /lib/svg-edit-2.7/images/logo.png [36m304 [90m1ms[0m
[90mGET /lib/svg-edit-2.7/images/svg_edit_icons.svg [36m304 [90m1ms[0m
[90mGET /lib/svg-edit-2.7/locale/lang.en.js?_=1423602411951 [32m200 [90m2ms - 8.96kb[0m
[90mGET /lib/svg-edit-2.7/spinbtn/spinbtn_updn.png [36m304 [90m2ms[0m
[90mGET /images/logo.png [33m404 [90m1ms[0m
[90mGET /index.html [36m304 [90m2ms[0m
[90mGET /lib/svg-edit-2.7/jgraduate/css/jPicker.css [36m304 [90m1ms[0m
[90mGET /lib/svg-edit-2.7/jgraduate/css/jgraduate.css [36m304 [90m1ms[0m
[90mGET /lib/svg-edit-2.7/spinbtn/JQuerySpinBtn.css [36m304 [90m1ms[0m
[90mGET /style.css [36m304 [90m1ms[0m
[90mGET /lib/svg-edit-2.7/jquery.js [36m304 [90m2ms[0m
[90mGET /lib/svg-edit-2.7/svg-editor.css [36m304 [90m1ms[0m
[90mGET /lib/svg-edit-2.7/js-hotkeys/jquery.hotkeys.min.js [36m304 [90m1ms[0m
[90mGET /lib/svg-edit-2.7/jquerybbq/jquery.bbq.min.js [36m304 [90m1ms[0m
[90mGET /lib/svg-edit-2.7/svgicons/jquery.svgicons.js [36m304 [90m1ms[0m
[90mGET /lib/svg-edit-2.7/jgraduate/jquery.jgraduate.min.js [36m304 [90m1ms[0m
[90mGET /lib/svg-edit-2.7/spinbtn/JQuerySpinBtn.min.js [36m304 [90m3ms[0m
[90mGET /lib/svg-edit-2.7/touch.js [36m304 [90m2ms[0m
[90mGET /lib/svg-edit-2.7/svgedit.compiled.js [36m304 [90m1ms[0m
[90mGET /lib/svg-edit-2.7/config.js [36m304 [90m1ms[0m
[90mGET /lib/svg-edit-2.7/jquery-ui/jquery-ui-1.8.17.custom.min.js [36m304 [90m1ms[0m
[90mGET /lib/svg-edit-2.7/jgraduate/jpicker.js [36m304 [90m1ms[0m
[90mGET /lib/svg-edit-2.7/images/logo.png [36m304 [90m0ms[0m
[90mGET /lib/svg-edit-2.7/images/logo.png [36m304 [90m1ms[0m
[90mGET /lib/svg-edit-2.7/locale/lang.en.js?_=1423602428478 [32m200 [90m2ms - 8.96kb[0m
[90mGET /lib/svg-edit-2.7/images/svg_edit_icons.svg [36m304 [90m1ms[0m
[90mGET /lib/svg-edit-2.7/spinbtn/spinbtn_updn.png [36m304 [90m1ms[0m
[90mGET /images/logo.png [33m404 [90m0ms[0m
[90mGET /index.html [36m304 [90m2ms[0m
[90mGET /lib/svg-edit-2.7/jgraduate/css/jPicker.css [36m304 [90m2ms[0m
[90mGET /lib/svg-edit-2.7/jgraduate/css/jgraduate.css [36m304 [90m1ms[0m
[90mGET /lib/svg-edit-2.7/svg-editor.css [36m304 [90m1ms[0m
[90mGET /lib/svg-edit-2.7/spinbtn/JQuerySpinBtn.css [36m304 [90m1ms[0m
[90mGET /lib/svg-edit-2.7/jquery.js [36m304 [90m1ms[0m
[90mGET /style.css [36m304 [90m1ms[0m
[90mGET /lib/svg-edit-2.7/js-hotkeys/jquery.hotkeys.min.js [36m304 [90m2ms[0m
[90mGET /lib/svg-edit-2.7/jquerybbq/jquery.bbq.min.js [36m304 [90m1ms[0m
[90mGET /lib/svg-edit-2.7/svgicons/jquery.svgicons.js [36m304 [90m1ms[0m
[90mGET /lib/svg-edit-2.7/jgraduate/jquery.jgraduate.min.js [36m304 [90m1ms[0m
[90mGET /lib/svg-edit-2.7/spinbtn/JQuerySpinBtn.min.js [36m304 [90m1ms[0m
[90mGET /lib/svg-edit-2.7/touch.js [36m304 [90m0ms[0m
[90mGET /lib/svg-edit-2.7/svgedit.compiled.js [36m304 [90m1ms[0m
[90mGET /lib/svg-edit-2.7/config.js [36m304 [90m1ms[0m
[90mGET /lib/svg-edit-2.7/jquery-ui/jquery-ui-1.8.17.custom.min.js [36m304 [90m1ms[0m
[90mGET /lib/svg-edit-2.7/jgraduate/jpicker.js [36m304 [90m1ms[0m
[90mGET /lib/svg-edit-2.7/images/logo.png [36m304 [90m1ms[0m
[90mGET /lib/svg-edit-2.7/images/logo.png [36m304 [90m2ms[0m
[90mGET /lib/svg-edit-2.7/images/svg_edit_icons.svg [36m304 [90m2ms[0m
[90mGET /lib/svg-edit-2.7/locale/lang.en.js?_=1423602445637 [32m200 [90m3ms - 8.96kb[0m
[90mGET /lib/svg-edit-2.7/spinbtn/spinbtn_updn.png [36m304 [90m2ms[0m
[90mGET /images/logo.png [33m404 [90m1ms[0m
[90mGET /lib/svg-edit-2.7/images/rotate.png [36m304 [90m3ms[0m
[90mGET /index.html [36m304 [90m2ms[0m
[90mGET /lib/svg-edit-2.7/jgraduate/css/jPicker.css [36m304 [90m1ms[0m
[90mGET /lib/svg-edit-2.7/jgraduate/css/jgraduate.css [36m304 [90m1ms[0m
[90mGET /lib/svg-edit-2.7/svg-editor.css [36m304 [90m0ms[0m
[90mGET /lib/svg-edit-2.7/spinbtn/JQuerySpinBtn.css [36m304 [90m1ms[0m
[90mGET /style.css [36m304 [90m1ms[0m
[90mGET /lib/svg-edit-2.7/jquery.js [36m304 [90m1ms[0m
[90mGET /lib/svg-edit-2.7/js-hotkeys/jquery.hotkeys.min.js [36m304 [90m1ms[0m
[90mGET /lib/svg-edit-2.7/jquerybbq/jquery.bbq.min.js [36m304 [90m1ms[0m
[90mGET /lib/svg-edit-2.7/svgicons/jquery.svgicons.js [36m304 [90m3ms[0m
[90mGET /lib/svg-edit-2.7/jgraduate/jquery.jgraduate.min.js [36m304 [90m1ms[0m
[90mGET /lib/svg-edit-2.7/touch.js [36m304 [90m1ms[0m
[90mGET /lib/svg-edit-2.7/spinbtn/JQuerySpinBtn.min.js [36m304 [90m2ms[0m
[90mGET /lib/svg-edit-2.7/svgedit.compiled.js [36m304 [90m1ms[0m
[90mGET /lib/svg-edit-2.7/config.js [36m304 [90m1ms[0m
[90mGET /lib/svg-edit-2.7/jquery-ui/jquery-ui-1.8.17.custom.min.js [36m304 [90m2ms[0m
[90mGET /lib/svg-edit-2.7/jgraduate/jpicker.js [36m304 [90m2ms[0m
[90mGET /lib/svg-edit-2.7/images/logo.png [36m304 [90m1ms[0m
[90mGET /lib/svg-edit-2.7/images/logo.png [36m304 [90m1ms[0m
[90mGET /lib/svg-edit-2.7/images/svg_edit_icons.svg [36m304 [90m2ms[0m
[90mGET /lib/svg-edit-2.7/locale/lang.en.js?_=1423602485217 [32m200 [90m2ms - 8.96kb[0m
[90mGET /lib/svg-edit-2.7/spinbtn/spinbtn_updn.png [36m304 [90m1ms[0m
[90mGET /images/logo.png [33m404 [90m2ms[0m
[90mGET /index.html [36m304 [90m2ms[0m
[90mGET /lib/svg-edit-2.7/jgraduate/css/jPicker.css [36m304 [90m1ms[0m
[90mGET /style.css [36m304 [90m2ms[0m
[90mGET /lib/svg-edit-2.7/svg-editor.css [36m304 [90m2ms[0m
[90mGET /lib/svg-edit-2.7/jquery.js [36m304 [90m3ms[0m
[90mGET /lib/svg-edit-2.7/jgraduate/css/jgraduate.css [36m304 [90m2ms[0m
[90mGET /lib/svg-edit-2.7/spinbtn/JQuerySpinBtn.css [36m304 [90m1ms[0m
[90mGET /lib/svg-edit-2.7/js-hotkeys/jquery.hotkeys.min.js [36m304 [90m1ms[0m
[90mGET /lib/svg-edit-2.7/jquerybbq/jquery.bbq.min.js [36m304 [90m1ms[0m
[90mGET /lib/svg-edit-2.7/jgraduate/jquery.jgraduate.min.js [36m304 [90m6ms[0m
[90mGET /lib/svg-edit-2.7/svgicons/jquery.svgicons.js [36m304 [90m5ms[0m
[90mGET /lib/svg-edit-2.7/spinbtn/JQuerySpinBtn.min.js [36m304 [90m6ms[0m
[90mGET /lib/svg-edit-2.7/touch.js [36m304 [90m1ms[0m
[90mGET /lib/svg-edit-2.7/svgedit.compiled.js [36m304 [90m0ms[0m
[90mGET /lib/svg-edit-2.7/config.js [36m304 [90m1ms[0m
[90mGET /lib/svg-edit-2.7/jquery-ui/jquery-ui-1.8.17.custom.min.js [36m304 [90m2ms[0m
[90mGET /lib/svg-edit-2.7/jgraduate/jpicker.js [36m304 [90m1ms[0m
[90mGET /lib/svg-edit-2.7/locale/lang.en.js?_=1423606494165 [32m200 [90m2ms - 8.96kb[0m
[90mGET /lib/svg-edit-2.7/images/svg_edit_icons.svg [36m304 [90m1ms[0m
[90mGET /lib/svg-edit-2.7/images/rotate.png [36m304 [90m1ms[0m
[90mGET /lib/svg-edit-2.7/spinbtn/spinbtn_updn.png [36m304 [90m1ms[0m
[90mGET /images/logo.png [33m404 [90m1ms[0m
[90mGET /index.html [36m304 [90m2ms[0m
[90mGET /lib/svg-edit-2.7/jgraduate/css/jPicker.css [36m304 [90m2ms[0m
[90mGET /lib/svg-edit-2.7/spinbtn/JQuerySpinBtn.css [36m304 [90m3ms[0m
[90mGET /lib/svg-edit-2.7/svg-editor.css [36m304 [90m2ms[0m
[90mGET /lib/svg-edit-2.7/jgraduate/css/jgraduate.css [36m304 [90m3ms[0m
[90mGET /style.css [36m304 [90m2ms[0m
[90mGET /lib/svg-edit-2.7/jquery.js [36m304 [90m2ms[0m
[90mGET /lib/svg-edit-2.7/js-hotkeys/jquery.hotkeys.min.js [36m304 [90m3ms[0m
[90mGET /lib/svg-edit-2.7/jquerybbq/jquery.bbq.min.js [36m304 [90m3ms[0m
[90mGET /lib/svg-edit-2.7/spinbtn/JQuerySpinBtn.min.js [36m304 [90m7ms[0m
[90mGET /lib/svg-edit-2.7/svgicons/jquery.svgicons.js [36m304 [90m6ms[0m
[90mGET /lib/svg-edit-2.7/jgraduate/jquery.jgraduate.min.js [36m304 [90m1ms[0m
[90mGET /lib/svg-edit-2.7/touch.js [36m304 [90m2ms[0m
[90mGET /lib/svg-edit-2.7/svgedit.compiled.js [36m304 [90m2ms[0m
[90mGET /lib/svg-edit-2.7/config.js [36m304 [90m3ms[0m
[90mGET /lib/svg-edit-2.7/jquery-ui/jquery-ui-1.8.17.custom.min.js [36m304 [90m2ms[0m
[90mGET /lib/svg-edit-2.7/jgraduate/jpicker.js [36m304 [90m3ms[0m
[90mGET /lib/svg-edit-2.7/images/svg_edit_icons.svg [36m304 [90m2ms[0m
[90mGET /lib/svg-edit-2.7/locale/lang.en.js?_=1423606519576 [32m200 [90m2ms - 8.96kb[0m
[90mGET /lib/svg-edit-2.7/images/rotate.png [36m304 [90m1ms[0m
[90mGET /lib/svg-edit-2.7/spinbtn/spinbtn_updn.png [36m304 [90m1ms[0m
[90mGET /images/logo.png [33m404 [90m0ms[0m
[90mGET /index.html [36m304 [90m2ms[0m
[90mGET /lib/svg-edit-2.7/jgraduate/css/jgraduate.css [36m304 [90m2ms[0m
[90mGET /lib/svg-edit-2.7/svg-editor.css [36m304 [90m1ms[0m
[90mGET /lib/svg-edit-2.7/spinbtn/JQuerySpinBtn.css [36m304 [90m1ms[0m
[90mGET /style.css [36m304 [90m1ms[0m
[90mGET /lib/svg-edit-2.7/jquery.js [36m304 [90m1ms[0m
[90mGET /lib/svg-edit-2.7/jgraduate/css/jPicker.css [36m304 [90m1ms[0m
[90mGET /lib/svg-edit-2.7/jquerybbq/jquery.bbq.min.js [36m304 [90m2ms[0m
[90mGET /lib/svg-edit-2.7/js-hotkeys/jquery.hotkeys.min.js [36m304 [90m2ms[0m
[90mGET /lib/svg-edit-2.7/svgicons/jquery.svgicons.js [36m304 [90m2ms[0m
[90mGET /lib/svg-edit-2.7/jgraduate/jquery.jgraduate.min.js [36m304 [90m1ms[0m
[90mGET /lib/svg-edit-2.7/spinbtn/JQuerySpinBtn.min.js [36m304 [90m0ms[0m
[90mGET /lib/svg-edit-2.7/touch.js [36m304 [90m1ms[0m
[90mGET /lib/svg-edit-2.7/svgedit.compiled.js [36m304 [90m1ms[0m
[90mGET /lib/svg-edit-2.7/config.js [36m304 [90m2ms[0m
[90mGET /lib/svg-edit-2.7/jquery-ui/jquery-ui-1.8.17.custom.min.js [36m304 [90m1ms[0m
[90mGET /lib/svg-edit-2.7/jgraduate/jpicker.js [36m304 [90m2ms[0m
[90mGET /lib/svg-edit-2.7/images/svg_edit_icons.svg [36m304 [90m2ms[0m
[90mGET /lib/svg-edit-2.7/locale/lang.en.js?_=1423608051360 [32m200 [90m3ms - 8.96kb[0m
[90mGET /lib/svg-edit-2.7/images/rotate.png [36m304 [90m1ms[0m
[90mGET /lib/svg-edit-2.7/spinbtn/spinbtn_updn.png [36m304 [90m1ms[0m
[90mGET /images/logo.png [33m404 [90m1ms[0m
[90mGET /index.html [36m304 [90m5ms[0m
[90mGET /lib/svg-edit-2.7/jgraduate/css/jPicker.css [36m304 [90m2ms[0m
[90mGET /lib/svg-edit-2.7/svg-editor.css [36m304 [90m3ms[0m
[90mGET /lib/svg-edit-2.7/spinbtn/JQuerySpinBtn.css [36m304 [90m1ms[0m
[90mGET /lib/svg-edit-2.7/jgraduate/css/jgraduate.css [36m304 [90m1ms[0m
[90mGET /lib/svg-edit-2.7/jquery.js [36m304 [90m0ms[0m
[90mGET /style.css [36m304 [90m1ms[0m
[90mGET /lib/svg-edit-2.7/js-hotkeys/jquery.hotkeys.min.js [36m304 [90m1ms[0m
[90mGET /lib/svg-edit-2.7/svgicons/jquery.svgicons.js [36m304 [90m2ms[0m
[90mGET /lib/svg-edit-2.7/jgraduate/jquery.jgraduate.min.js [36m304 [90m2ms[0m
[90mGET /lib/svg-edit-2.7/jquerybbq/jquery.bbq.min.js [36m304 [90m0ms[0m
[90mGET /lib/svg-edit-2.7/spinbtn/JQuerySpinBtn.min.js [36m304 [90m1ms[0m
[90mGET /lib/svg-edit-2.7/touch.js [36m304 [90m1ms[0m
[90mGET /lib/svg-edit-2.7/svgedit.compiled.js [36m304 [90m6ms[0m
[90mGET /lib/svg-edit-2.7/jquery-ui/jquery-ui-1.8.17.custom.min.js [36m304 [90m2ms[0m
[90mGET /lib/svg-edit-2.7/jgraduate/jpicker.js [36m304 [90m1ms[0m
[90mGET /lib/svg-edit-2.7/config.js [36m304 [90m1ms[0m
[90mGET /lib/svg-edit-2.7/images/svg_edit_icons.svg [36m304 [90m3ms[0m
[90mGET /lib/svg-edit-2.7/locale/lang.en.js?_=1423608255773 [32m200 [90m4ms - 8.96kb[0m
[90mGET /lib/svg-edit-2.7/images/rotate.png [36m304 [90m1ms[0m
[90mGET /lib/svg-edit-2.7/images/logo.png [36m304 [90m1ms[0m
[90mGET /images/logo.png [33m404 [90m1ms[0m
[90mGET /robots.txt [33m404 [90m82ms[0m
[90mGET /robots.txt [33m404 [90m160ms[0m
[90mGET /javascripts/libs/require-jquery.js [36m304 [90m120ms[0m
[90mGET /stylesheets/style.css [36m304 [90m8ms[0m
[90mGET /javascripts/main.js [36m304 [90m7ms[0m
[90mGET /javascripts/libs/underscore-min.js [36m304 [90m7ms[0m
[90mGET /javascripts/app.js [36m304 [90m0ms[0m
[90mGET /javascripts/libs/backbone-min.js [36m304 [90m2ms[0m
[90mGET /javascripts/routers/home.js [36m304 [90m15ms[0m
[90mGET /javascripts/views/view.js [36m304 [90m22ms[0m
[90mGET /javascripts/libs/text.js [36m304 [90m17ms[0m
[90mGET /javascripts/models/model.js [36m304 [90m19ms[0m
[90mGET /javascripts/templates/main.html [36m304 [90m18ms[0m
[90mGET /favicon.ico [36m304 [90m16ms[0m
[90mGET /index.html [32m200 [90m76ms - 29.86kb[0m
[90mGET /lib/svg-edit-2.7/contextmenu/jquery.contextmenu.js [33m404 [90m8ms[0m
[90mGET /lib/svg-edit-2.7/svgedit.js [32m200 [90m64ms - 808[0m
[90mGET /lib/svg-edit-2.7/browser.js [32m200 [90m64ms - 6.15kb[0m
[90mGET /lib/svg-edit-2.7/jquery-svg.js [32m200 [90m62ms - 2.04kb[0m
[90mGET /lib/svg-edit-2.7/math.js [32m200 [90m61ms - 6.82kb[0m
[90mGET /lib/svg-edit-2.7/svgtransformlist.js [32m200 [90m61ms - 7.69kb[0m
[90mGET /lib/svg-edit-2.7/jgraduate/css/jPicker.css [32m200 [90m5ms - 3.46kb[0m
[90mGET /lib/svg-edit-2.7/svg-editor.css [32m200 [90m70ms - 23.36kb[0m
[90mGET /lib/svg-edit-2.7/units.js [32m200 [90m60ms - 7.6kb[0m
[90mGET /style.css [32m200 [90m8ms - 738[0m
[90mGET /lib/svg-edit-2.7/spinbtn/JQuerySpinBtn.css [32m200 [90m8ms - 2.08kb[0m
[90mGET /lib/svg-edit-2.7/svgutils.js [32m200 [90m7ms - 19.47kb[0m
[90mGET /lib/svg-edit-2.7/jgraduate/css/jgraduate.css [32m200 [90m10ms - 5.41kb[0m
[90mGET /lib/svg-edit-2.7/sanitize.js [32m200 [90m3ms - 14.03kb[0m
[90mGET /lib/svg-edit-2.7/history.js [32m200 [90m3ms - 19.95kb[0m
[90mGET /lib/svg-edit-2.7/coords.js [32m200 [90m70ms - 10.2kb[0m
[90mGET /lib/svg-edit-2.7/recalculate.js [32m200 [90m15ms - 28.47kb[0m
[90mGET /lib/svg-edit-2.7/select.js [32m200 [90m6ms - 15.2kb[0m
[90mGET /lib/svg-edit-2.7/draw.js [32m200 [90m4ms - 15.67kb[0m
[90mGET /lib/svg-edit-2.7/path.js [32m200 [90m6ms - 25.01kb[0m
[90mGET /lib/svg-edit-2.7/svg-editor.js [32m200 [90m5ms - 157.73kb[0m
[90mGET /lib/svg-edit-2.7/svgcanvas.js [32m200 [90m7ms - 222.57kb[0m
[90mGET /lib/svg-edit-2.7/locale/locale.js [32m200 [90m2ms - 9.49kb[0m
[90mGET /lib/svg-edit-2.7/contextmenu.js [32m200 [90m2ms - 2.58kb[0m
[90mGET /script.js [32m200 [90m1ms - 1.03kb[0m
[90mGET /lib/svg-edit-2.7/jquerybbq/jquery.bbq.min.js [32m200 [90m8ms - 4.03kb[0m
[90mGET /lib/svg-edit-2.7/jquery.js [32m200 [90m4ms - 91.67kb[0m
[90mGET /lib/svg-edit-2.7/js-hotkeys/jquery.hotkeys.min.js [32m200 [90m3ms - 1.81kb[0m
[90mGET /lib/svg-edit-2.7/svgicons/jquery.svgicons.js [32m200 [90m8ms - 13.92kb[0m
[90mGET /lib/svg-edit-2.7/spinbtn/JQuerySpinBtn.min.js [32m200 [90m4ms - 3.51kb[0m
[90mGET /lib/svg-edit-2.7/config.js [32m200 [90m18ms - 427[0m
[90mGET /lib/svg-edit-2.7/touch.js [32m200 [90m17ms - 1.13kb[0m
[90mGET /lib/svg-edit-2.7/jgraduate/jquery.jgraduate.min.js [32m200 [90m19ms - 19.14kb[0m
[90mGET /lib/svg-edit-2.7/jquery-ui/jquery-ui-1.8.17.custom.min.js [32m200 [90m3ms - 38.3kb[0m
[90mGET /lib/svg-edit-2.7/jgraduate/jpicker.js [32m200 [90m8ms - 97.71kb[0m
[90mGET /lib/svg-edit-2.7/locale/lang.en.js?_=1424403532251 [32m200 [90m9ms - 8.96kb[0m
[90mGET /lib/svg-edit-2.7/images/svg_edit_icons.svg [32m200 [90m16ms - 64.8kb[0m
[90mGET /lib/svg-edit-2.7/images/rotate.png [32m200 [90m3ms - 1.46kb[0m
[90mGET /lib/svg-edit-2.7/images/logo.png [32m200 [90m3ms - 3.89kb[0m
[90mGET /images/logo.png [33m404 [90m2ms[0m
[90mGET /lib/svg-edit-2.7/svg-editor.css [36m304 [90m122ms[0m
[90mGET /lib/svg-edit-2.7/jgraduate/css/jgraduate.css [36m304 [90m121ms[0m
[90mGET /lib/svg-edit-2.7/jgraduate/css/jPicker.css [36m304 [90m122ms[0m
[90mGET /lib/svg-edit-2.7/spinbtn/JQuerySpinBtn.css [36m304 [90m122ms[0m
[90mGET /style.css [36m304 [90m122ms[0m
[90mGET /lib/svg-edit-2.7/contextmenu/jquery.contextmenu.js [33m404 [90m2ms[0m
[90mGET /index.html [32m200 [90m4ms - 29.86kb[0m
[90mGET /lib/svg-edit-2.7/jgraduate/css/jPicker.css [32m200 [90m3ms - 3.46kb[0m
[90mGET /lib/svg-edit-2.7/jgraduate/css/jgraduate.css [32m200 [90m2ms - 5.41kb[0m
[90mGET /lib/svg-edit-2.7/svg-editor.css [32m200 [90m11ms - 23.36kb[0m
[90mGET /lib/svg-edit-2.7/spinbtn/JQuerySpinBtn.css [32m200 [90m2ms - 2.08kb[0m
[90mGET /style.css [32m200 [90m3ms - 738[0m
[90mGET /lib/svg-edit-2.7/jquery.js [32m200 [90m2ms - 91.67kb[0m
[90mGET /lib/svg-edit-2.7/js-hotkeys/jquery.hotkeys.min.js [32m200 [90m2ms - 1.81kb[0m
[90mGET /lib/svg-edit-2.7/jquerybbq/jquery.bbq.min.js [32m200 [90m2ms - 4.03kb[0m
[90mGET /lib/svg-edit-2.7/svgicons/jquery.svgicons.js [32m200 [90m1ms - 13.92kb[0m
[90mGET /lib/svg-edit-2.7/jgraduate/jquery.jgraduate.min.js [32m200 [90m2ms - 19.14kb[0m
[90mGET /lib/svg-edit-2.7/spinbtn/JQuerySpinBtn.min.js [32m200 [90m3ms - 3.51kb[0m
[90mGET /lib/svg-edit-2.7/touch.js [32m200 [90m2ms - 1.13kb[0m
[90mGET /lib/svg-edit-2.7/svgedit.js [32m200 [90m2ms - 808[0m
[90mGET /lib/svg-edit-2.7/jquery-svg.js [32m200 [90m1ms - 2.04kb[0m
[90mGET /lib/svg-edit-2.7/contextmenu/jquery.contextmenu.js [33m404 [90m1ms[0m
[90mGET /lib/svg-edit-2.7/browser.js [32m200 [90m2ms - 6.15kb[0m
[90mGET /lib/svg-edit-2.7/svgtransformlist.js [32m200 [90m2ms - 7.69kb[0m
[90mGET /lib/svg-edit-2.7/math.js [32m200 [90m1ms - 6.82kb[0m
[90mGET /lib/svg-edit-2.7/units.js [32m200 [90m1ms - 7.6kb[0m
[90mGET /lib/svg-edit-2.7/svgutils.js [32m200 [90m2ms - 19.47kb[0m
[90mGET /lib/svg-edit-2.7/sanitize.js [32m200 [90m1ms - 14.03kb[0m
[90mGET /lib/svg-edit-2.7/history.js [32m200 [90m1ms - 19.95kb[0m
[90mGET /lib/svg-edit-2.7/coords.js [32m200 [90m19ms - 10.2kb[0m
[90mGET /lib/svg-edit-2.7/recalculate.js [32m200 [90m9ms - 28.47kb[0m
[90mGET /lib/svg-edit-2.7/select.js [32m200 [90m1ms - 15.2kb[0m
[90mGET /lib/svg-edit-2.7/draw.js [32m200 [90m2ms - 15.67kb[0m
[90mGET /lib/svg-edit-2.7/path.js [32m200 [90m2ms - 25.01kb[0m
[90mGET /lib/svg-edit-2.7/locale/locale.js [32m200 [90m11ms - 9.49kb[0m
[90mGET /lib/svg-edit-2.7/svg-editor.js [32m200 [90m19ms - 157.73kb[0m
[90mGET /lib/svg-edit-2.7/svgcanvas.js [32m200 [90m26ms - 222.57kb[0m
[90mGET /lib/svg-edit-2.7/contextmenu.js [32m200 [90m7ms - 2.58kb[0m
[90mGET /lib/svg-edit-2.7/config.js [32m200 [90m7ms - 427[0m
[90mGET /lib/svg-edit-2.7/jquery-ui/jquery-ui-1.8.17.custom.min.js [32m200 [90m2ms - 38.3kb[0m
[90mGET /lib/svg-edit-2.7/jgraduate/jpicker.js [32m200 [90m14ms - 97.71kb[0m
[90mGET /script.js [32m200 [90m2ms - 1.03kb[0m
[90mGET /lib/svg-edit-2.7/locale/lang.en.js?_=1424403282360 [32m200 [90m6ms - 8.96kb[0m
[90mGET /lib/svg-edit-2.7/images/svg_edit_icons.svg [32m200 [90m6ms - 64.8kb[0m
[90mGET /lib/svg-edit-2.7/images/rotate.png [32m200 [90m4ms - 1.46kb[0m
[90mGET /lib/svg-edit-2.7/images/logo.png [32m200 [90m2ms - 3.89kb[0m
[90mGET /images/logo.png [33m404 [90m1ms[0m
20 Feb 12:41:56 - Listening port 3000
[90mGET /index.html [32m200 [90m15ms - 29.86kb[0m
[90mGET /lib/svg-edit-2.7/jgraduate/css/jPicker.css [36m304 [90m2ms[0m
[90mGET /lib/svg-edit-2.7/jgraduate/css/jgraduate.css [36m304 [90m3ms[0m
[90mGET /style.css [36m304 [90m4ms[0m
[90mGET /lib/svg-edit-2.7/spinbtn/JQuerySpinBtn.css [36m304 [90m5ms[0m
[90mGET /lib/svg-edit-2.7/svg-editor.css [36m304 [90m4ms[0m
[90mGET /lib/svg-edit-2.7/jquery.js [36m304 [90m2ms[0m
[90mGET /lib/svg-edit-2.7/js-hotkeys/jquery.hotkeys.min.js [36m304 [90m5ms[0m
[90mGET /lib/svg-edit-2.7/jquerybbq/jquery.bbq.min.js [36m304 [90m4ms[0m
[90mGET /lib/svg-edit-2.7/svgicons/jquery.svgicons.js [36m304 [90m3ms[0m
[90mGET /lib/svg-edit-2.7/jgraduate/jquery.jgraduate.min.js [36m304 [90m1ms[0m
[90mGET /lib/svg-edit-2.7/spinbtn/JQuerySpinBtn.min.js [36m304 [90m1ms[0m
[90mGET /lib/svg-edit-2.7/touch.js [36m304 [90m1ms[0m
[90mGET /lib/svg-edit-2.7/svgedit.js [36m304 [90m2ms[0m
[90mGET /lib/svg-edit-2.7/jquery-svg.js [36m304 [90m2ms[0m
[90mGET /lib/svg-edit-2.7/contextmenu/jquery.contextmenu.js [33m404 [90m2ms[0m
[90mGET /lib/svg-edit-2.7/browser.js [36m304 [90m2ms[0m
[90mGET /lib/svg-edit-2.7/svgtransformlist.js [36m304 [90m3ms[0m
[90mGET /lib/svg-edit-2.7/math.js [36m304 [90m1ms[0m
[90mGET /lib/svg-edit-2.7/units.js [36m304 [90m4ms[0m
[90mGET /lib/svg-edit-2.7/svgutils.js [36m304 [90m3ms[0m
[90mGET /lib/svg-edit-2.7/sanitize.js [36m304 [90m1ms[0m
[90mGET /lib/svg-edit-2.7/history.js [36m304 [90m2ms[0m
[90mGET /lib/svg-edit-2.7/coords.js [36m304 [90m1ms[0m
[90mGET /lib/svg-edit-2.7/recalculate.js [36m304 [90m2ms[0m
[90mGET /lib/svg-edit-2.7/select.js [36m304 [90m1ms[0m
[90mGET /lib/svg-edit-2.7/draw.js [36m304 [90m2ms[0m
[90mGET /lib/svg-edit-2.7/path.js [36m304 [90m2ms[0m
[90mGET /lib/svg-edit-2.7/svgcanvas.js [36m304 [90m2ms[0m
[90mGET /lib/svg-edit-2.7/svg-editor.js [36m304 [90m1ms[0m
[90mGET /lib/svg-edit-2.7/locale/locale.js [36m304 [90m1ms[0m
[90mGET /lib/svg-edit-2.7/contextmenu.js [36m304 [90m1ms[0m
[90mGET /lib/svg-edit-2.7/config.js [36m304 [90m1ms[0m
[90mGET /lib/svg-edit-2.7/jquery-ui/jquery-ui-1.8.17.custom.min.js [36m304 [90m2ms[0m
[90mGET /lib/svg-edit-2.7/jgraduate/jpicker.js [36m304 [90m2ms[0m
[90mGET /script.js [36m304 [90m1ms[0m
[90mGET /lib/svg-edit-2.7/images/svg_edit_icons.svg [36m304 [90m2ms[0m
[90mGET /lib/svg-edit-2.7/locale/lang.en.js?_=1424404066746 [32m200 [90m4ms - 8.96kb[0m
[90mGET /lib/svg-edit-2.7/images/rotate.png [36m304 [90m2ms[0m
[90mGET /lib/svg-edit-2.7/images/logo.png [36m304 [90m1ms[0m
[90mGET /images/logo.png [33m404 [90m2ms[0m
[90mGET /lib/svg-edit-2.7/contextmenu/jquery.contextmenu.js [33m404 [90m2ms[0m
[90mGET /index.html [36m304 [90m2ms[0m
[90mGET /lib/svg-edit-2.7/jgraduate/css/jPicker.css [36m304 [90m1ms[0m
[90mGET /lib/svg-edit-2.7/jgraduate/css/jgraduate.css [36m304 [90m2ms[0m
[90mGET /lib/svg-edit-2.7/svg-editor.css [36m304 [90m2ms[0m
[90mGET /lib/svg-edit-2.7/spinbtn/JQuerySpinBtn.css [36m304 [90m3ms[0m
[90mGET /style.css [36m304 [90m2ms[0m
[90mGET /lib/svg-edit-2.7/jquery.js [36m304 [90m2ms[0m
[90mGET /lib/svg-edit-2.7/jquerybbq/jquery.bbq.min.js [36m304 [90m1ms[0m
[90mGET /lib/svg-edit-2.7/js-hotkeys/jquery.hotkeys.min.js [36m304 [90m2ms[0m
[90mGET /lib/svg-edit-2.7/svgicons/jquery.svgicons.js [36m304 [90m2ms[0m
[90mGET /lib/svg-edit-2.7/jgraduate/jquery.jgraduate.min.js [36m304 [90m2ms[0m
[90mGET /lib/svg-edit-2.7/spinbtn/JQuerySpinBtn.min.js [36m304 [90m4ms[0m
[90mGET /lib/svg-edit-2.7/touch.js [36m304 [90m2ms[0m
[90mGET /lib/svg-edit-2.7/svgedit.js [36m304 [90m2ms[0m
[90mGET /lib/svg-edit-2.7/jquery-svg.js [36m304 [90m2ms[0m
[90mGET /lib/svg-edit-2.7/contextmenu/jquery.contextmenu.js [33m404 [90m2ms[0m
[90mGET /lib/svg-edit-2.7/browser.js [36m304 [90m1ms[0m
[90mGET /lib/svg-edit-2.7/svgtransformlist.js [36m304 [90m1ms[0m
[90mGET /lib/svg-edit-2.7/math.js [36m304 [90m1ms[0m
[90mGET /lib/svg-edit-2.7/units.js [36m304 [90m2ms[0m
[90mGET /lib/svg-edit-2.7/svgutils.js [36m304 [90m2ms[0m
[90mGET /lib/svg-edit-2.7/sanitize.js [36m304 [90m2ms[0m
[90mGET /lib/svg-edit-2.7/history.js [36m304 [90m4ms[0m
[90mGET /lib/svg-edit-2.7/coords.js [36m304 [90m4ms[0m
[90mGET /lib/svg-edit-2.7/recalculate.js [36m304 [90m4ms[0m
[90mGET /lib/svg-edit-2.7/select.js [36m304 [90m3ms[0m
[90mGET /lib/svg-edit-2.7/draw.js [36m304 [90m1ms[0m
[90mGET /lib/svg-edit-2.7/path.js [36m304 [90m1ms[0m
[90mGET /lib/svg-edit-2.7/svgcanvas.js [36m304 [90m1ms[0m
[90mGET /lib/svg-edit-2.7/svg-editor.js [36m304 [90m1ms[0m
[90mGET /lib/svg-edit-2.7/locale/locale.js [36m304 [90m2ms[0m
[90mGET /lib/svg-edit-2.7/contextmenu.js [36m304 [90m3ms[0m
[90mGET /lib/svg-edit-2.7/config.js [36m304 [90m2ms[0m
[90mGET /lib/svg-edit-2.7/jquery-ui/jquery-ui-1.8.17.custom.min.js [36m304 [90m1ms[0m
[90mGET /lib/svg-edit-2.7/jgraduate/jpicker.js [36m304 [90m4ms[0m
[90mGET /script.js [36m304 [90m2ms[0m
[90mGET /lib/svg-edit-2.7/images/svg_edit_icons.svg [36m304 [90m2ms[0m
[90mGET /lib/svg-edit-2.7/locale/lang.en.js?_=1424404103024 [32m200 [90m4ms - 8.96kb[0m
[90mGET /lib/svg-edit-2.7/images/rotate.png [36m304 [90m1ms[0m
[90mGET /lib/svg-edit-2.7/images/logo.png [36m304 [90m1ms[0m
[90mGET /images/logo.png [33m404 [90m2ms[0m
[90mGET /lib/svg-edit-2.7/contextmenu/jquery.contextmenu.js [33m404 [90m2ms[0m
[90mGET /lib/svg-edit-2.7/contextmenu/jquery.contextMenu.js [32m200 [90m4ms - 6.17kb[0m
[90mGET /index.html [36m304 [90m3ms[0m
[90mGET /lib/svg-edit-2.7/jgraduate/jquery.jgraduate.min.js [36m304 [90m3ms[0m
[90mGET /lib/svg-edit-2.7/svgicons/jquery.svgicons.js [36m304 [90m3ms[0m
[90mGET /lib/svg-edit-2.7/jgraduate/css/jPicker.css [36m304 [90m4ms[0m
[90mGET /lib/svg-edit-2.7/jgraduate/css/jgraduate.css [36m304 [90m4ms[0m
[90mGET /lib/svg-edit-2.7/js-hotkeys/jquery.hotkeys.min.js [36m304 [90m3ms[0m
[90mGET /lib/svg-edit-2.7/jquerybbq/jquery.bbq.min.js [36m304 [90m2ms[0m
[90mGET /lib/svg-edit-2.7/spinbtn/JQuerySpinBtn.css [36m304 [90m2ms[0m
[90mGET /style.css [36m304 [90m2ms[0m
[90mGET /lib/svg-edit-2.7/svg-editor.css [36m304 [90m5ms[0m
[90mGET /lib/svg-edit-2.7/svgedit.js [36m304 [90m6ms[0m
[90mGET /lib/svg-edit-2.7/spinbtn/JQuerySpinBtn.min.js [36m304 [90m5ms[0m
[90mGET /lib/svg-edit-2.7/touch.js [36m304 [90m4ms[0m
[90mGET /lib/svg-edit-2.7/jquery-svg.js [36m304 [90m1ms[0m
[90mGET /lib/svg-edit-2.7/contextmenu/jquery.contextmenu.js [33m404 [90m1ms[0m
[90mGET /lib/svg-edit-2.7/units.js [36m304 [90m3ms[0m
[90mGET /lib/svg-edit-2.7/math.js [36m304 [90m3ms[0m
[90mGET /lib/svg-edit-2.7/svgtransformlist.js [36m304 [90m4ms[0m
[90mGET /lib/svg-edit-2.7/browser.js [36m304 [90m4ms[0m
[90mGET /lib/svg-edit-2.7/svgutils.js [36m304 [90m1ms[0m
[90mGET /lib/svg-edit-2.7/sanitize.js [36m304 [90m2ms[0m
[90mGET /lib/svg-edit-2.7/history.js [36m304 [90m1ms[0m
[90mGET /lib/svg-edit-2.7/coords.js [36m304 [90m2ms[0m
[90mGET /lib/svg-edit-2.7/recalculate.js [36m304 [90m1ms[0m
[90mGET /lib/svg-edit-2.7/select.js [36m304 [90m1ms[0m
[90mGET /lib/svg-edit-2.7/draw.js [36m304 [90m3ms[0m
[90mGET /lib/svg-edit-2.7/path.js [36m304 [90m1ms[0m
[90mGET /lib/svg-edit-2.7/svgcanvas.js [36m304 [90m1ms[0m
[90mGET /lib/svg-edit-2.7/svg-editor.js [36m304 [90m1ms[0m
[90mGET /lib/svg-edit-2.7/locale/locale.js [36m304 [90m0ms[0m
[90mGET /lib/svg-edit-2.7/contextmenu.js [36m304 [90m1ms[0m
[90mGET /lib/svg-edit-2.7/config.js [36m304 [90m1ms[0m
[90mGET /lib/svg-edit-2.7/jquery-ui/jquery-ui-1.8.17.custom.min.js [36m304 [90m1ms[0m
[90mGET /lib/svg-edit-2.7/jgraduate/jpicker.js [36m304 [90m1ms[0m
[90mGET /script.js [36m304 [90m2ms[0m
[90mGET /lib/svg-edit-2.7/jquery.js [36m304 [90m2ms[0m
[90mGET /lib/svg-edit-2.7/images/svg_edit_icons.svg [36m304 [90m2ms[0m
[90mGET /lib/svg-edit-2.7/locale/lang.en.js?_=1424404264405 [32m200 [90m6ms - 8.96kb[0m
[90mGET /lib/svg-edit-2.7/images/rotate.png [36m304 [90m2ms[0m
[90mGET /lib/svg-edit-2.7/images/logo.png [36m304 [90m4ms[0m
[90mGET /images/logo.png [33m404 [90m1ms[0m
[90mGET /i [33m404 [90m6ms[0m
[90mGET /javascripts/libs/require-jquery.js [32m200 [90m338ms - 322.54kb[0m
[90mGET /stylesheets/style.css [32m200 [90m5ms - 541[0m
[90mGET /javascripts/main.js [32m200 [90m1ms - 436[0m
[90mGET /javascripts/libs/underscore-min.js [32m200 [90m4ms - 11.63kb[0m
[90mGET /javascripts/app.js [32m200 [90m2ms - 174[0m
[90mGET /javascripts/libs/backbone-min.js [32m200 [90m1ms - 16.08kb[0m
[90mGET /javascripts/routers/home.js [32m200 [90m1ms - 343[0m
[90mGET /javascripts/views/view.js [32m200 [90m2ms - 463[0m
[90mGET /javascripts/models/model.js [32m200 [90m2ms - 132[0m
[90mGET /javascripts/libs/text.js [32m200 [90m1ms - 11.86kb[0m
[90mGET /javascripts/templates/main.html [32m200 [90m1ms - 42[0m
[90mGET /index.html [36m304 [90m4ms[0m
[90mGET /lib/svg-edit-2.7/jgraduate/css/jPicker.css [36m304 [90m4ms[0m
[90mGET /lib/svg-edit-2.7/jgraduate/css/jgraduate.css [36m304 [90m5ms[0m
[90mGET /lib/svg-edit-2.7/jquery.js [36m304 [90m4ms[0m
[90mGET /style.css [36m304 [90m3ms[0m
[90mGET /lib/svg-edit-2.7/spinbtn/JQuerySpinBtn.css [36m304 [90m4ms[0m
[90mGET /lib/svg-edit-2.7/svg-editor.css [36m304 [90m12ms[0m
[90mGET /lib/svg-edit-2.7/js-hotkeys/jquery.hotkeys.min.js [36m304 [90m3ms[0m
[90mGET /lib/svg-edit-2.7/jquerybbq/jquery.bbq.min.js [36m304 [90m2ms[0m
[90mGET /lib/svg-edit-2.7/svgicons/jquery.svgicons.js [36m304 [90m3ms[0m
[90mGET /lib/svg-edit-2.7/jgraduate/jquery.jgraduate.min.js [36m304 [90m1ms[0m
[90mGET /lib/svg-edit-2.7/spinbtn/JQuerySpinBtn.min.js [36m304 [90m1ms[0m
[90mGET /lib/svg-edit-2.7/touch.js [36m304 [90m1ms[0m
[90mGET /lib/svg-edit-2.7/svgedit.js [36m304 [90m0ms[0m
[90mGET /lib/svg-edit-2.7/jquery-svg.js [36m304 [90m1ms[0m
[90mGET /lib/svg-edit-2.7/contextmenu/jquery.contextmenu.js [33m404 [90m0ms[0m
[90mGET /lib/svg-edit-2.7/browser.js [36m304 [90m0ms[0m
[90mGET /lib/svg-edit-2.7/svgtransformlist.js [36m304 [90m0ms[0m
[90mGET /lib/svg-edit-2.7/math.js [36m304 [90m1ms[0m
[90mGET /lib/svg-edit-2.7/units.js [36m304 [90m3ms[0m
[90mGET /lib/svg-edit-2.7/svgutils.js [36m304 [90m3ms[0m
[90mGET /lib/svg-edit-2.7/sanitize.js [36m304 [90m0ms[0m
[90mGET /lib/svg-edit-2.7/coords.js [36m304 [90m1ms[0m
[90mGET /lib/svg-edit-2.7/history.js [36m304 [90m1ms[0m
[90mGET /lib/svg-edit-2.7/recalculate.js [36m304 [90m27ms[0m
[90mGET /lib/svg-edit-2.7/select.js [36m304 [90m4ms[0m
[90mGET /lib/svg-edit-2.7/draw.js [36m304 [90m4ms[0m
[90mGET /lib/svg-edit-2.7/path.js [36m304 [90m4ms[0m
[90mGET /lib/svg-edit-2.7/svg-editor.js [36m304 [90m4ms[0m
[90mGET /lib/svg-edit-2.7/svgcanvas.js [36m304 [90m3ms[0m
[90mGET /lib/svg-edit-2.7/locale/locale.js [36m304 [90m2ms[0m
[90mGET /lib/svg-edit-2.7/contextmenu.js [36m304 [90m2ms[0m
[90mGET /lib/svg-edit-2.7/config.js [36m304 [90m2ms[0m
[90mGET /lib/svg-edit-2.7/jquery-ui/jquery-ui-1.8.17.custom.min.js [36m304 [90m2ms[0m
[90mGET /lib/svg-edit-2.7/jgraduate/jpicker.js [36m304 [90m2ms[0m
[90mGET /script.js [36m304 [90m1ms[0m
[90mGET /lib/svg-edit-2.7/images/svg_edit_icons.svg [36m304 [90m1ms[0m
[90mGET /lib/svg-edit-2.7/locale/lang.en.js?_=1424404274868 [32m200 [90m3ms - 8.96kb[0m
[90mGET /lib/svg-edit-2.7/images/rotate.png [36m304 [90m1ms[0m
[90mGET /images/logo.png [33m404 [90m3ms[0m
[90mGET /index.html [36m304 [90m2ms[0m
[90mGET /lib/svg-edit-2.7/jgraduate/css/jPicker.css [36m304 [90m6ms[0m
[90mGET /lib/svg-edit-2.7/jquery.js [36m304 [90m4ms[0m
[90mGET /lib/svg-edit-2.7/spinbtn/JQuerySpinBtn.css [36m304 [90m8ms[0m
[90mGET /lib/svg-edit-2.7/svg-editor.css [36m304 [90m9ms[0m
[90mGET /lib/svg-edit-2.7/jgraduate/css/jgraduate.css [36m304 [90m9ms[0m
[90mGET /style.css [36m304 [90m10ms[0m
[90mGET /lib/svg-edit-2.7/js-hotkeys/jquery.hotkeys.min.js [36m304 [90m1ms[0m
[90mGET /lib/svg-edit-2.7/jquerybbq/jquery.bbq.min.js [36m304 [90m2ms[0m
[90mGET /lib/svg-edit-2.7/jgraduate/jquery.jgraduate.min.js [36m304 [90m3ms[0m
[90mGET /lib/svg-edit-2.7/svgicons/jquery.svgicons.js [36m304 [90m3ms[0m
[90mGET /lib/svg-edit-2.7/spinbtn/JQuerySpinBtn.min.js [36m304 [90m4ms[0m
[90mGET /lib/svg-edit-2.7/touch.js [36m304 [90m4ms[0m
[90mGET /lib/svg-edit-2.7/svgedit.js [36m304 [90m2ms[0m
[90mGET /lib/svg-edit-2.7/jquery-svg.js [36m304 [90m2ms[0m
[90mGET /lib/svg-edit-2.7/contextmenu/jquery.contextmenu.js [33m404 [90m6ms[0m
[90mGET /lib/svg-edit-2.7/browser.js [36m304 [90m5ms[0m
[90mGET /lib/svg-edit-2.7/svgtransformlist.js [36m304 [90m6ms[0m
[90mGET /lib/svg-edit-2.7/math.js [36m304 [90m6ms[0m
[90mGET /lib/svg-edit-2.7/units.js [36m304 [90m5ms[0m
[90mGET /lib/svg-edit-2.7/svgutils.js [36m304 [90m2ms[0m
[90mGET /lib/svg-edit-2.7/sanitize.js [36m304 [90m3ms[0m
[90mGET /lib/svg-edit-2.7/history.js [36m304 [90m3ms[0m
[90mGET /lib/svg-edit-2.7/coords.js [36m304 [90m1ms[0m
[90mGET /lib/svg-edit-2.7/recalculate.js [36m304 [90m4ms[0m
[90mGET /lib/svg-edit-2.7/select.js [36m304 [90m2ms[0m
[90mGET /lib/svg-edit-2.7/draw.js [36m304 [90m3ms[0m
[90mGET /lib/svg-edit-2.7/path.js [36m304 [90m4ms[0m
[90mGET /lib/svg-edit-2.7/svgcanvas.js [36m304 [90m4ms[0m
[90mGET /lib/svg-edit-2.7/svg-editor.js [36m304 [90m2ms[0m
[90mGET /lib/svg-edit-2.7/locale/locale.js [36m304 [90m2ms[0m
[90mGET /lib/svg-edit-2.7/contextmenu.js [36m304 [90m2ms[0m
[90mGET /lib/svg-edit-2.7/config.js [36m304 [90m2ms[0m
[90mGET /lib/svg-edit-2.7/jquery-ui/jquery-ui-1.8.17.custom.min.js [36m304 [90m3ms[0m
[90mGET /lib/svg-edit-2.7/jgraduate/jpicker.js [36m304 [90m4ms[0m
[90mGET /script.js [36m304 [90m1ms[0m
[90mGET /lib/svg-edit-2.7/images/svg_edit_icons.svg [36m304 [90m1ms[0m
[90mGET /lib/svg-edit-2.7/locale/lang.en.js?_=1424404297177 [32m200 [90m5ms - 8.96kb[0m
[90mGET /lib/svg-edit-2.7/images/rotate.png [36m304 [90m2ms[0m
[90mGET /lib/svg-edit-2.7/images/logo.png [36m304 [90m3ms[0m
[90mGET /images/logo.png [33m404 [90m2ms[0m
[90mGET /index.html [32m200 [90m6ms - 29.86kb[0m
[90mGET /lib/svg-edit-2.7/jquery.js [36m304 [90m11ms[0m
[90mGET /lib/svg-edit-2.7/jgraduate/css/jPicker.css [36m304 [90m11ms[0m
[90mGET /lib/svg-edit-2.7/spinbtn/JQuerySpinBtn.css [36m304 [90m11ms[0m
[90mGET /lib/svg-edit-2.7/svg-editor.css [36m304 [90m12ms[0m
[90mGET /lib/svg-edit-2.7/jgraduate/css/jgraduate.css [36m304 [90m10ms[0m
[90mGET /style.css [36m304 [90m11ms[0m
[90mGET /lib/svg-edit-2.7/js-hotkeys/jquery.hotkeys.min.js [36m304 [90m7ms[0m
[90mGET /lib/svg-edit-2.7/jquerybbq/jquery.bbq.min.js [36m304 [90m6ms[0m
[90mGET /lib/svg-edit-2.7/svgicons/jquery.svgicons.js [36m304 [90m6ms[0m
[90mGET /lib/svg-edit-2.7/jgraduate/jquery.jgraduate.min.js [36m304 [90m7ms[0m
[90mGET /lib/svg-edit-2.7/spinbtn/JQuerySpinBtn.min.js [36m304 [90m6ms[0m
[90mGET /lib/svg-edit-2.7/touch.js [36m304 [90m1ms[0m
[90mGET /lib/svg-edit-2.7/svgedit.js [36m304 [90m6ms[0m
[90mGET /lib/svg-edit-2.7/contextmenu/jquery.contextMenu.js [36m304 [90m6ms[0m
[90mGET /lib/svg-edit-2.7/jquery-svg.js [36m304 [90m6ms[0m
[90mGET /lib/svg-edit-2.7/browser.js [36m304 [90m6ms[0m
[90mGET /lib/svg-edit-2.7/svgtransformlist.js [36m304 [90m6ms[0m
[90mGET /lib/svg-edit-2.7/math.js [36m304 [90m1ms[0m
[90mGET /lib/svg-edit-2.7/units.js [36m304 [90m5ms[0m
[90mGET /lib/svg-edit-2.7/svgutils.js [36m304 [90m5ms[0m
[90mGET /lib/svg-edit-2.7/sanitize.js [36m304 [90m4ms[0m
[90mGET /lib/svg-edit-2.7/history.js [36m304 [90m4ms[0m
[90mGET /lib/svg-edit-2.7/coords.js [36m304 [90m5ms[0m
[90mGET /lib/svg-edit-2.7/recalculate.js [36m304 [90m4ms[0m
[90mGET /lib/svg-edit-2.7/select.js [36m304 [90m10ms[0m
[90mGET /lib/svg-edit-2.7/path.js [36m304 [90m11ms[0m
[90mGET /lib/svg-edit-2.7/draw.js [36m304 [90m11ms[0m
[90mGET /lib/svg-edit-2.7/svgcanvas.js [36m304 [90m11ms[0m
[90mGET /lib/svg-edit-2.7/svg-editor.js [36m304 [90m12ms[0m
[90mGET /lib/svg-edit-2.7/locale/locale.js [36m304 [90m11ms[0m
[90mGET /lib/svg-edit-2.7/contextmenu.js [36m304 [90m1ms[0m
[90mGET /lib/svg-edit-2.7/config.js [36m304 [90m2ms[0m
[90mGET /lib/svg-edit-2.7/jquery-ui/jquery-ui-1.8.17.custom.min.js [36m304 [90m2ms[0m
[90mGET /lib/svg-edit-2.7/jgraduate/jpicker.js [36m304 [90m1ms[0m
[90mGET /script.js [36m304 [90m2ms[0m
[90mGET /lib/svg-edit-2.7/images/svg_edit_icons.svg [36m304 [90m2ms[0m
[90mGET /lib/svg-edit-2.7/locale/lang.en.js?_=1424404335224 [32m200 [90m3ms - 8.96kb[0m
[90mGET /lib/svg-edit-2.7/images/rotate.png [36m304 [90m2ms[0m
[90mGET /lib/svg-edit-2.7/spinbtn/spinbtn_updn.png [32m200 [90m3ms - 666[0m
[90mGET /lib/svg-edit-2.7/images/logo.png [36m304 [90m2ms[0m
[90mGET /images/logo.png [33m404 [90m4ms[0m
20 Feb 12:46:43 - Listening port 3000
[90mGET /index.html [36m304 [90m11ms[0m
[90mGET /lib/svg-edit-2.7/jquerybbq/jquery.bbq.min.js [36m304 [90m6ms[0m
[90mGET /lib/svg-edit-2.7/jquery.js [36m304 [90m7ms[0m
[90mGET /lib/svg-edit-2.7/jgraduate/css/jPicker.css [36m304 [90m5ms[0m
[90mGET /lib/svg-edit-2.7/spinbtn/JQuerySpinBtn.css [36m304 [90m5ms[0m
[90mGET /lib/svg-edit-2.7/svg-editor.css [36m304 [90m5ms[0m
[90mGET /lib/svg-edit-2.7/jgraduate/css/jgraduate.css [36m304 [90m6ms[0m
[90mGET /lib/svg-edit-2.7/jgraduate/jquery.jgraduate.min.js [36m304 [90m2ms[0m
[90mGET /lib/svg-edit-2.7/svgicons/jquery.svgicons.js [36m304 [90m5ms[0m
[90mGET /style.css [36m304 [90m5ms[0m
[90mGET /lib/svg-edit-2.7/spinbtn/JQuerySpinBtn.min.js [36m304 [90m5ms[0m
[90mGET /lib/svg-edit-2.7/js-hotkeys/jquery.hotkeys.min.js [36m304 [90m4ms[0m
[90mGET /lib/svg-edit-2.7/touch.js [36m304 [90m4ms[0m
[90mGET /lib/svg-edit-2.7/svgedit.js [36m304 [90m1ms[0m
[90mGET /lib/svg-edit-2.7/contextmenu/jquery.contextMenu.js [36m304 [90m3ms[0m
[90mGET /lib/svg-edit-2.7/jquery-svg.js [36m304 [90m2ms[0m
[90mGET /lib/svg-edit-2.7/browser.js [36m304 [90m5ms[0m
[90mGET /lib/svg-edit-2.7/math.js [36m304 [90m4ms[0m
[90mGET /lib/svg-edit-2.7/svgtransformlist.js [36m304 [90m5ms[0m
[90mGET /lib/svg-edit-2.7/units.js [36m304 [90m1ms[0m
[90mGET /lib/svg-edit-2.7/svgutils.js [36m304 [90m3ms[0m
[90mGET /lib/svg-edit-2.7/sanitize.js [36m304 [90m3ms[0m
[90mGET /lib/svg-edit-2.7/history.js [36m304 [90m3ms[0m
[90mGET /lib/svg-edit-2.7/coords.js [36m304 [90m3ms[0m
[90mGET /lib/svg-edit-2.7/recalculate.js [36m304 [90m2ms[0m
[90mGET /lib/svg-edit-2.7/select.js [36m304 [90m1ms[0m
[90mGET /lib/svg-edit-2.7/draw.js [36m304 [90m2ms[0m
[90mGET /lib/svg-edit-2.7/path.js [36m304 [90m2ms[0m
[90mGET /lib/svg-edit-2.7/svgcanvas.js [36m304 [90m3ms[0m
[90mGET /lib/svg-edit-2.7/svg-editor.js [36m304 [90m2ms[0m
[90mGET /lib/svg-edit-2.7/locale/locale.js [36m304 [90m2ms[0m
[90mGET /lib/svg-edit-2.7/contextmenu.js [36m304 [90m1ms[0m
[90mGET /lib/svg-edit-2.7/config.js [36m304 [90m3ms[0m
[90mGET /lib/svg-edit-2.7/jquery-ui/jquery-ui-1.8.17.custom.min.js [36m304 [90m3ms[0m
[90mGET /lib/svg-edit-2.7/jgraduate/jpicker.js [36m304 [90m2ms[0m
[90mGET /script.js [36m304 [90m2ms[0m
[90mGET /lib/svg-edit-2.7/images/svg_edit_icons.svg [36m304 [90m3ms[0m
[90mGET /lib/svg-edit-2.7/locale/lang.en.js?_=1424404345960 [32m200 [90m8ms - 8.96kb[0m
[90mGET /lib/svg-edit-2.7/images/rotate.png [36m304 [90m2ms[0m
[90mGET /lib/svg-edit-2.7/images/logo.png [36m304 [90m1ms[0m
[90mGET /images/logo.png [33m404 [90m10ms[0m
[90mGET /index.html [32m200 [90m10ms - 29.86kb[0m
[90mGET /lib/svg-edit-2.7/jgraduate/css/jPicker.css [36m304 [90m2ms[0m
[90mGET /lib/svg-edit-2.7/jgraduate/css/jgraduate.css [36m304 [90m3ms[0m
[90mGET /lib/svg-edit-2.7/svg-editor.css [36m304 [90m3ms[0m
[90mGET /style.css [36m304 [90m2ms[0m
[90mGET /lib/svg-edit-2.7/spinbtn/JQuerySpinBtn.css [36m304 [90m1ms[0m
[90mGET /lib/svg-edit-2.7/jquery.js [36m304 [90m1ms[0m
[90mGET /lib/svg-edit-2.7/js-hotkeys/jquery.hotkeys.min.js [36m304 [90m4ms[0m
[90mGET /lib/svg-edit-2.7/jquerybbq/jquery.bbq.min.js [36m304 [90m4ms[0m
[90mGET /lib/svg-edit-2.7/svgicons/jquery.svgicons.js [36m304 [90m4ms[0m
[90mGET /lib/svg-edit-2.7/jgraduate/jquery.jgraduate.min.js [36m304 [90m4ms[0m
[90mGET /lib/svg-edit-2.7/contextmenu/jquery.contextMenu.js [32m200 [90m11ms - 6.17kb[0m
[90mGET /lib/svg-edit-2.7/spinbtn/JQuerySpinBtn.min.js [36m304 [90m2ms[0m
[90mGET /lib/svg-edit-2.7/touch.js [36m304 [90m3ms[0m
[90mGET /lib/svg-edit-2.7/svgedit.js [36m304 [90m4ms[0m
[90mGET /lib/svg-edit-2.7/jquery-svg.js [36m304 [90m2ms[0m
[90mGET /lib/svg-edit-2.7/browser.js [36m304 [90m3ms[0m
[90mGET /lib/svg-edit-2.7/svgtransformlist.js [36m304 [90m2ms[0m
[90mGET /lib/svg-edit-2.7/math.js [36m304 [90m3ms[0m
[90mGET /lib/svg-edit-2.7/units.js [36m304 [90m4ms[0m
[90mGET /lib/svg-edit-2.7/svgutils.js [36m304 [90m2ms[0m
[90mGET /lib/svg-edit-2.7/sanitize.js [36m304 [90m3ms[0m
[90mGET /lib/svg-edit-2.7/history.js [36m304 [90m1ms[0m
[90mGET /lib/svg-edit-2.7/coords.js [36m304 [90m2ms[0m
[90mGET /lib/svg-edit-2.7/recalculate.js [36m304 [90m4ms[0m
[90mGET /lib/svg-edit-2.7/select.js [36m304 [90m4ms[0m
[90mGET /lib/svg-edit-2.7/draw.js [36m304 [90m4ms[0m
[90mGET /lib/svg-edit-2.7/path.js [36m304 [90m8ms[0m
[90mGET /lib/svg-edit-2.7/svgcanvas.js [36m304 [90m8ms[0m
[90mGET /lib/svg-edit-2.7/svg-editor.js [36m304 [90m2ms[0m
[90mGET /lib/svg-edit-2.7/locale/locale.js [36m304 [90m2ms[0m
[90mGET /lib/svg-edit-2.7/contextmenu.js [36m304 [90m2ms[0m
[90mGET /lib/svg-edit-2.7/config.js [36m304 [90m2ms[0m
[90mGET /lib/svg-edit-2.7/jquery-ui/jquery-ui-1.8.17.custom.min.js [36m304 [90m0ms[0m
[90mGET /lib/svg-edit-2.7/jgraduate/jpicker.js [36m304 [90m3ms[0m
[90mGET /script.js [36m304 [90m1ms[0m
[90mGET /lib/svg-edit-2.7/locale/lang.en.js?_=1424404033627 [32m200 [90m2ms - 8.96kb[0m
[90mGET /lib/svg-edit-2.7/images/svg_edit_icons.svg [36m304 [90m1ms[0m
[90mGET /lib/svg-edit-2.7/images/rotate.png [36m304 [90m1ms[0m
[90mGET /lib/svg-edit-2.7/spinbtn/spinbtn_updn.png [32m200 [90m2ms - 666[0m
[90mGET /images/logo.png [33m404 [90m2ms[0m
[90mGET /search.php?words=man [32m200 [90m7ms - 438[0m
[90mGET /search.php [32m200 [90m2ms - 438[0m
[90mGET /search.php?words=man [36m304 [90m3ms[0m
[90mGET /search.php?words=man [36m304 [90m2ms[0m
[90mGET /search.php?words=flower [32m200 [90m37ms - 438[0m
[90mGET /index.html [36m304 [90m4ms[0m
[90mGET /lib/svg-edit-2.7/jquery.js [36m304 [90m3ms[0m
[90mGET /lib/svg-edit-2.7/jgraduate/css/jPicker.css [36m304 [90m3ms[0m
[90mGET /lib/svg-edit-2.7/jgraduate/css/jgraduate.css [36m304 [90m3ms[0m
[90mGET /style.css [36m304 [90m4ms[0m
[90mGET /lib/svg-edit-2.7/svg-editor.css [36m304 [90m4ms[0m
[90mGET /lib/svg-edit-2.7/spinbtn/JQuerySpinBtn.css [36m304 [90m5ms[0m
[90mGET /lib/svg-edit-2.7/js-hotkeys/jquery.hotkeys.min.js [36m304 [90m1ms[0m
[90mGET /lib/svg-edit-2.7/jquerybbq/jquery.bbq.min.js [36m304 [90m4ms[0m
[90mGET /lib/svg-edit-2.7/jgraduate/jquery.jgraduate.min.js [36m304 [90m5ms[0m
[90mGET /lib/svg-edit-2.7/svgicons/jquery.svgicons.js [36m304 [90m6ms[0m
[90mGET /lib/svg-edit-2.7/touch.js [36m304 [90m6ms[0m
[90mGET /lib/svg-edit-2.7/spinbtn/JQuerySpinBtn.min.js [36m304 [90m6ms[0m
[90mGET /lib/svg-edit-2.7/svgedit.js [36m304 [90m1ms[0m
[90mGET /lib/svg-edit-2.7/jquery-svg.js [36m304 [90m1ms[0m
[90mGET /lib/svg-edit-2.7/contextmenu/jquery.contextMenu.js [36m304 [90m1ms[0m
[90mGET /lib/svg-edit-2.7/browser.js [36m304 [90m1ms[0m
[90mGET /lib/svg-edit-2.7/svgtransformlist.js [36m304 [90m1ms[0m
[90mGET /lib/svg-edit-2.7/math.js [36m304 [90m1ms[0m
[90mGET /lib/svg-edit-2.7/units.js [36m304 [90m1ms[0m
[90mGET /lib/svg-edit-2.7/svgutils.js [36m304 [90m1ms[0m
[90mGET /lib/svg-edit-2.7/sanitize.js [36m304 [90m1ms[0m
[90mGET /lib/svg-edit-2.7/history.js [36m304 [90m1ms[0m
[90mGET /lib/svg-edit-2.7/coords.js [36m304 [90m1ms[0m
[90mGET /lib/svg-edit-2.7/recalculate.js [36m304 [90m2ms[0m
[90mGET /lib/svg-edit-2.7/select.js [36m304 [90m1ms[0m
[90mGET /lib/svg-edit-2.7/draw.js [36m304 [90m1ms[0m
[90mGET /lib/svg-edit-2.7/path.js [36m304 [90m1ms[0m
[90mGET /lib/svg-edit-2.7/svgcanvas.js [36m304 [90m1ms[0m
[90mGET /lib/svg-edit-2.7/svg-editor.js [36m304 [90m1ms[0m
[90mGET /lib/svg-edit-2.7/locale/locale.js [36m304 [90m3ms[0m
[90mGET /lib/svg-edit-2.7/contextmenu.js [36m304 [90m1ms[0m
[90mGET /lib/svg-edit-2.7/config.js [36m304 [90m1ms[0m
[90mGET /lib/svg-edit-2.7/jquery-ui/jquery-ui-1.8.17.custom.min.js [36m304 [90m1ms[0m
[90mGET /lib/svg-edit-2.7/jgraduate/jpicker.js [36m304 [90m2ms[0m
[90mGET /script.js [36m304 [90m1ms[0m
[90mGET /lib/svg-edit-2.7/images/svg_edit_icons.svg [36m304 [90m1ms[0m
[90mGET /lib/svg-edit-2.7/locale/lang.en.js?_=1424404173480 [32m200 [90m4ms - 8.96kb[0m
[90mGET /lib/svg-edit-2.7/images/rotate.png [36m304 [90m1ms[0m
[90mGET /lib/svg-edit-2.7/spinbtn/spinbtn_updn.png [36m304 [90m3ms[0m
[90mGET /images/logo.png [33m404 [90m2ms[0m
[90mGET /index.html [36m304 [90m4ms[0m
[90mGET /lib/svg-edit-2.7/jgraduate/css/jPicker.css [36m304 [90m19ms[0m
[90mGET /lib/svg-edit-2.7/jgraduate/css/jgraduate.css [36m304 [90m19ms[0m
[90mGET /lib/svg-edit-2.7/jquery.js [36m304 [90m7ms[0m
[90mGET /style.css [36m304 [90m7ms[0m
[90mGET /lib/svg-edit-2.7/spinbtn/JQuerySpinBtn.css [36m304 [90m7ms[0m
[90mGET /lib/svg-edit-2.7/svg-editor.css [36m304 [90m10ms[0m
[90mGET /lib/svg-edit-2.7/jquerybbq/jquery.bbq.min.js [36m304 [90m1ms[0m
[90mGET /lib/svg-edit-2.7/js-hotkeys/jquery.hotkeys.min.js [36m304 [90m5ms[0m
[90mGET /lib/svg-edit-2.7/svgicons/jquery.svgicons.js [36m304 [90m4ms[0m
[90mGET /lib/svg-edit-2.7/jgraduate/jquery.jgraduate.min.js [36m304 [90m5ms[0m
[90mGET /lib/svg-edit-2.7/spinbtn/JQuerySpinBtn.min.js [36m304 [90m4ms[0m
[90mGET /lib/svg-edit-2.7/touch.js [36m304 [90m5ms[0m
[90mGET /lib/svg-edit-2.7/svgedit.js [36m304 [90m4ms[0m
[90mGET /lib/svg-edit-2.7/jquery-svg.js [36m304 [90m3ms[0m
[90mGET /lib/svg-edit-2.7/contextmenu/jquery.contextMenu.js [36m304 [90m4ms[0m
[90mGET /lib/svg-edit-2.7/browser.js [36m304 [90m5ms[0m
[90mGET /lib/svg-edit-2.7/math.js [36m304 [90m3ms[0m
[90mGET /lib/svg-edit-2.7/svgtransformlist.js [36m304 [90m3ms[0m
[90mGET /lib/svg-edit-2.7/units.js [36m304 [90m3ms[0m
[90mGET /lib/svg-edit-2.7/svgutils.js [36m304 [90m1ms[0m
[90mGET /lib/svg-edit-2.7/sanitize.js [36m304 [90m1ms[0m
[90mGET /lib/svg-edit-2.7/history.js [36m304 [90m3ms[0m
[90mGET /lib/svg-edit-2.7/coords.js [36m304 [90m3ms[0m
[90mGET /lib/svg-edit-2.7/recalculate.js [36m304 [90m2ms[0m
[90mGET /lib/svg-edit-2.7/select.js [36m304 [90m3ms[0m
[90mGET /lib/svg-edit-2.7/draw.js [36m304 [90m1ms[0m
[90mGET /lib/svg-edit-2.7/path.js [36m304 [90m1ms[0m
[90mGET /lib/svg-edit-2.7/svgcanvas.js [36m304 [90m1ms[0m
[90mGET /lib/svg-edit-2.7/svg-editor.js [36m304 [90m2ms[0m
[90mGET /lib/svg-edit-2.7/locale/locale.js [36m304 [90m4ms[0m
[90mGET /lib/svg-edit-2.7/contextmenu.js [36m304 [90m4ms[0m
[90mGET /lib/svg-edit-2.7/config.js [36m304 [90m1ms[0m
[90mGET /lib/svg-edit-2.7/jquery-ui/jquery-ui-1.8.17.custom.min.js [36m304 [90m1ms[0m
[90mGET /lib/svg-edit-2.7/jgraduate/jpicker.js [36m304 [90m1ms[0m
[90mGET /script.js [36m304 [90m1ms[0m
[90mGET /lib/svg-edit-2.7/locale/lang.en.js?_=1424407696303 [32m200 [90m2ms - 8.96kb[0m
[90mGET /lib/svg-edit-2.7/images/svg_edit_icons.svg [36m304 [90m1ms[0m
[90mGET /lib/svg-edit-2.7/images/rotate.png [36m304 [90m1ms[0m
[90mGET /lib/svg-edit-2.7/images/logo.png [36m304 [90m2ms[0m
[90mGET /images/logo.png [33m404 [90m2ms[0m
[90mGET /index.html [32m200 [90m5ms - 29.86kb[0m
[90mGET /lib/svg-edit-2.7/jgraduate/css/jPicker.css [32m200 [90m5ms - 3.46kb[0m
[90mGET /lib/svg-edit-2.7/jgraduate/css/jgraduate.css [32m200 [90m1ms - 5.41kb[0m
[90mGET /lib/svg-edit-2.7/spinbtn/JQuerySpinBtn.css [32m200 [90m1ms - 2.08kb[0m
[90mGET /style.css [32m200 [90m4ms - 738[0m
[90mGET /lib/svg-edit-2.7/js-hotkeys/jquery.hotkeys.min.js [32m200 [90m6ms - 1.81kb[0m
[90mGET /lib/svg-edit-2.7/jquery.js [32m200 [90m6ms - 91.67kb[0m
[90mGET /lib/svg-edit-2.7/svg-editor.css [32m200 [90m3ms - 23.36kb[0m
[90mGET /lib/svg-edit-2.7/jquerybbq/jquery.bbq.min.js [32m200 [90m2ms - 4.03kb[0m
[90mGET /lib/svg-edit-2.7/svgicons/jquery.svgicons.js [32m200 [90m3ms - 13.92kb[0m
[90mGET /lib/svg-edit-2.7/jgraduate/jquery.jgraduate.min.js [32m200 [90m2ms - 19.14kb[0m
[90mGET /lib/svg-edit-2.7/spinbtn/JQuerySpinBtn.min.js [32m200 [90m2ms - 3.51kb[0m
[90mGET /lib/svg-edit-2.7/svgedit.js [32m200 [90m2ms - 808[0m
[90mGET /lib/svg-edit-2.7/touch.js [32m200 [90m1ms - 1.13kb[0m
[90mGET /lib/svg-edit-2.7/jquery-svg.js [32m200 [90m9ms - 2.04kb[0m
[90mGET /lib/svg-edit-2.7/contextmenu/jquery.contextMenu.js [32m200 [90m2ms - 6.17kb[0m
[90mGET /lib/svg-edit-2.7/browser.js [32m200 [90m5ms - 6.15kb[0m
[90mGET /lib/svg-edit-2.7/svgtransformlist.js [32m200 [90m3ms - 7.69kb[0m
[90mGET /lib/svg-edit-2.7/math.js [32m200 [90m2ms - 6.82kb[0m
[90mGET /lib/svg-edit-2.7/units.js [32m200 [90m2ms - 7.6kb[0m
[90mGET /lib/svg-edit-2.7/svgutils.js [32m200 [90m2ms - 19.47kb[0m
[90mGET /lib/svg-edit-2.7/sanitize.js [32m200 [90m2ms - 14.03kb[0m
[90mGET /lib/svg-edit-2.7/history.js [32m200 [90m2ms - 19.95kb[0m
[90mGET /lib/svg-edit-2.7/coords.js [32m200 [90m2ms - 10.2kb[0m
[90mGET /lib/svg-edit-2.7/recalculate.js [32m200 [90m1ms - 28.47kb[0m
[90mGET /lib/svg-edit-2.7/select.js [32m200 [90m2ms - 15.2kb[0m
[90mGET /lib/svg-edit-2.7/draw.js [32m200 [90m2ms - 15.67kb[0m
[90mGET /lib/svg-edit-2.7/path.js [32m200 [90m6ms - 25.01kb[0m
[90mGET /lib/svg-edit-2.7/svgcanvas.js [32m200 [90m3ms - 222.57kb[0m
[90mGET /lib/svg-edit-2.7/svg-editor.js [32m200 [90m4ms - 157.73kb[0m
[90mGET /lib/svg-edit-2.7/locale/locale.js [32m200 [90m2ms - 9.49kb[0m
[90mGET /lib/svg-edit-2.7/contextmenu.js [32m200 [90m2ms - 2.58kb[0m
[90mGET /lib/svg-edit-2.7/config.js [32m200 [90m1ms - 427[0m
[90mGET /lib/svg-edit-2.7/jquery-ui/jquery-ui-1.8.17.custom.min.js [32m200 [90m2ms - 38.3kb[0m
[90mGET /lib/svg-edit-2.7/jgraduate/jpicker.js [32m200 [90m3ms - 97.71kb[0m
[90mGET /script.js [32m200 [90m1ms - 1.03kb[0m
[90mGET /lib/svg-edit-2.7/locale/lang.en.js?_=1424425734908 [32m200 [90m1ms - 8.96kb[0m
[90mGET /lib/svg-edit-2.7/images/svg_edit_icons.svg [32m200 [90m2ms - 64.8kb[0m
[90mGET /lib/svg-edit-2.7/images/rotate.png [32m200 [90m2ms - 1.46kb[0m
[90mGET /lib/svg-edit-2.7/images/logo.png [32m200 [90m2ms - 3.89kb[0m
[90mGET /lib/svg-edit-2.7/spinbtn/spinbtn_updn.png [32m200 [90m5ms - 666[0m
[90mGET /images/logo.png [33m404 [90m1ms[0m
[90mGET /search.php?words=car [32m200 [90m2ms - 438[0m
[90mGET /lib/svg-edit-2.7/jgraduate/css/jgraduate.css [36m304 [90m17ms[0m
[90mGET /lib/svg-edit-2.7/jgraduate/css/jPicker.css [36m304 [90m6ms[0m
[90mGET /lib/svg-edit-2.7/spinbtn/JQuerySpinBtn.css [36m304 [90m1ms[0m
[90mGET /style.css [36m304 [90m0ms[0m
[90mGET /lib/svg-edit-2.7/svg-editor.css [36m304 [90m0ms[0m
[90mGET /search.php?words=car [36m304 [90m2ms[0m
[90mGET /index.html [36m304 [90m3ms[0m
[90mGET /index.html [32m200 [90m5ms - 29.86kb[0m
[90mGET /lib/svg-edit-2.7/jgraduate/css/jPicker.css [32m200 [90m2ms - 3.46kb[0m
[90mGET /lib/svg-edit-2.7/jgraduate/css/jgraduate.css [32m200 [90m3ms - 5.41kb[0m
[90mGET /lib/svg-edit-2.7/js-hotkeys/jquery.hotkeys.min.js [36m304 [90m4ms[0m
[90mGET /lib/svg-edit-2.7/svgicons/jquery.svgicons.js [36m304 [90m4ms[0m
[90mGET /lib/svg-edit-2.7/jgraduate/jquery.jgraduate.min.js [36m304 [90m3ms[0m
[90mGET /lib/svg-edit-2.7/jquerybbq/jquery.bbq.min.js [36m304 [90m4ms[0m
[90mGET /lib/svg-edit-2.7/spinbtn/JQuerySpinBtn.css [36m304 [90m3ms[0m
[90mGET /lib/svg-edit-2.7/jgraduate/css/jPicker.css [36m304 [90m4ms[0m
[90mGET /lib/svg-edit-2.7/svg-editor.css [36m304 [90m1ms[0m
[90mGET /lib/svg-edit-2.7/jgraduate/css/jgraduate.css [36m304 [90m0ms[0m
[90mGET /lib/svg-edit-2.7/svg-editor.css [32m200 [90m6ms - 23.36kb[0m
[90mGET /lib/svg-edit-2.7/spinbtn/JQuerySpinBtn.css [32m200 [90m7ms - 2.08kb[0m
[90mGET /style.css [32m200 [90m2ms - 738[0m
[90mGET /lib/svg-edit-2.7/js-hotkeys/jquery.hotkeys.min.js [32m200 [90m4ms - 1.81kb[0m
[90mGET /lib/svg-edit-2.7/jquery.js [32m200 [90m3ms - 91.67kb[0m
[90mGET /lib/svg-edit-2.7/jquerybbq/jquery.bbq.min.js [32m200 [90m1ms - 4.03kb[0m
[90mGET /style.css [36m304 [90m1ms[0m
[90mGET /lib/svg-edit-2.7/spinbtn/JQuerySpinBtn.min.js [36m304 [90m1ms[0m
[90mGET /lib/svg-edit-2.7/touch.js [36m304 [90m2ms[0m
[90mGET /lib/svg-edit-2.7/svgedit.js [36m304 [90m3ms[0m
[90mGET /lib/svg-edit-2.7/contextmenu/jquery.contextMenu.js [36m304 [90m2ms[0m
[90mGET /lib/svg-edit-2.7/jquery-svg.js [36m304 [90m2ms[0m
[90mGET /lib/svg-edit-2.7/svgicons/jquery.svgicons.js [32m200 [90m3ms - 13.92kb[0m
[90mGET /lib/svg-edit-2.7/jgraduate/jquery.jgraduate.min.js [32m200 [90m4ms - 19.14kb[0m
[90mGET /lib/svg-edit-2.7/browser.js [36m304 [90m3ms[0m
[90mGET /lib/svg-edit-2.7/svgtransformlist.js [36m304 [90m1ms[0m
[90mGET /lib/svg-edit-2.7/spinbtn/JQuerySpinBtn.min.js [32m200 [90m7ms - 3.51kb[0m
[90mGET /lib/svg-edit-2.7/math.js [36m304 [90m3ms[0m
[90mGET /lib/svg-edit-2.7/units.js [36m304 [90m3ms[0m
[90mGET /lib/svg-edit-2.7/svgutils.js [36m304 [90m3ms[0m
[90mGET /lib/svg-edit-2.7/sanitize.js [36m304 [90m3ms[0m
[90mGET /lib/svg-edit-2.7/touch.js [32m200 [90m1ms - 1.13kb[0m
[90mGET /lib/svg-edit-2.7/svgedit.js [32m200 [90m1ms - 808[0m
[90mGET /lib/svg-edit-2.7/history.js [36m304 [90m1ms[0m
[90mGET /lib/svg-edit-2.7/coords.js [36m304 [90m1ms[0m
[90mGET /lib/svg-edit-2.7/recalculate.js [36m304 [90m2ms[0m
[90mGET /lib/svg-edit-2.7/select.js [36m304 [90m1ms[0m
[90mGET /lib/svg-edit-2.7/draw.js [36m304 [90m1ms[0m
[90mGET /lib/svg-edit-2.7/path.js [36m304 [90m1ms[0m
[90mGET /lib/svg-edit-2.7/svgcanvas.js [36m304 [90m1ms[0m
[90mGET /lib/svg-edit-2.7/svg-editor.js [36m304 [90m0ms[0m
[90mGET /lib/svg-edit-2.7/locale/locale.js [36m304 [90m1ms[0m
[90mGET /lib/svg-edit-2.7/jquery-svg.js [32m200 [90m2ms - 2.04kb[0m
[90mGET /lib/svg-edit-2.7/contextmenu/jquery.contextMenu.js [32m200 [90m1ms - 6.17kb[0m
[90mGET /lib/svg-edit-2.7/contextmenu.js [36m304 [90m1ms[0m
[90mGET /lib/svg-edit-2.7/jquery-ui/jquery-ui-1.8.17.custom.min.js [36m304 [90m2ms[0m
[90mGET /lib/svg-edit-2.7/jgraduate/jpicker.js [36m304 [90m1ms[0m
[90mGET /lib/svg-edit-2.7/browser.js [32m200 [90m3ms - 6.15kb[0m
[90mGET /script.js [36m304 [90m1ms[0m
[90mGET /lib/svg-edit-2.7/jquery.js [36m304 [90m1ms[0m
[90mGET /lib/svg-edit-2.7/config.js [36m304 [90m1ms[0m
[90mGET /lib/svg-edit-2.7/svgtransformlist.js [32m200 [90m2ms - 7.69kb[0m
[90mGET /lib/svg-edit-2.7/math.js [32m200 [90m1ms - 6.82kb[0m
[90mGET /lib/svg-edit-2.7/units.js [32m200 [90m2ms - 7.6kb[0m
[90mGET /lib/svg-edit-2.7/svgutils.js [32m200 [90m10ms - 19.47kb[0m
[90mGET /lib/svg-edit-2.7/sanitize.js [32m200 [90m2ms - 14.03kb[0m
[90mGET /lib/svg-edit-2.7/jquery-ui/jquery-ui-1.8.17.custom.min.js [36m304 [90m2ms[0m
[90mGET /lib/svg-edit-2.7/history.js [32m200 [90m3ms - 19.95kb[0m
[90mGET /lib/svg-edit-2.7/coords.js [32m200 [90m1ms - 10.2kb[0m
[90mGET /lib/svg-edit-2.7/recalculate.js [32m200 [90m2ms - 28.47kb[0m
[90mGET /lib/svg-edit-2.7/select.js [32m200 [90m2ms - 15.2kb[0m
[90mGET /lib/svg-edit-2.7/jgraduate/jpicker.js [36m304 [90m1ms[0m
[90mGET /lib/svg-edit-2.7/draw.js [32m200 [90m2ms - 15.67kb[0m
[90mGET /lib/svg-edit-2.7/path.js [32m200 [90m2ms - 25.01kb[0m
[90mGET /lib/svg-edit-2.7/svgcanvas.js [32m200 [90m4ms - 222.57kb[0m
[90mGET /lib/svg-edit-2.7/svg-editor.js [32m200 [90m6ms - 157.73kb[0m
[90mGET /lib/svg-edit-2.7/locale/lang.en.js?_=1424426163823 [32m200 [90m2ms - 8.96kb[0m
[90mGET /lib/svg-edit-2.7/images/svg_edit_icons.svg [36m304 [90m1ms[0m
[90mGET /lib/svg-edit-2.7/locale/locale.js [32m200 [90m2ms - 9.49kb[0m
[90mGET /lib/svg-edit-2.7/contextmenu.js [32m200 [90m2ms - 2.58kb[0m
[90mGET /lib/svg-edit-2.7/config.js [32m200 [90m3ms - 427[0m
[90mGET /lib/svg-edit-2.7/jquery-ui/jquery-ui-1.8.17.custom.min.js [32m200 [90m2ms - 38.3kb[0m
[90mGET /lib/svg-edit-2.7/images/rotate.png [36m304 [90m1ms[0m
[90mGET /lib/svg-edit-2.7/jgraduate/jpicker.js [32m200 [90m3ms - 97.71kb[0m
[90mGET /script.js [32m200 [90m9ms - 1.03kb[0m
[90mGET /lib/svg-edit-2.7/spinbtn/spinbtn_updn.png [36m304 [90m1ms[0m
[90mGET /lib/svg-edit-2.7/locale/lang.en.js?_=1424425823781 [32m200 [90m2ms - 8.96kb[0m
[90mGET /lib/svg-edit-2.7/images/svg_edit_icons.svg [32m200 [90m7ms - 64.8kb[0m
[90mGET /lib/svg-edit-2.7/images/rotate.png [32m200 [90m1ms - 1.46kb[0m
[90mGET /lib/svg-edit-2.7/images/logo.png [32m200 [90m2ms - 3.89kb[0m
[90mGET /images/logo.png [33m404 [90m1ms[0m
[90mGET /lib/svg-edit-2.7/spinbtn/spinbtn_updn.png [32m200 [90m2ms - 666[0m
[90mGET /images/logo.png [33m404 [90m2ms[0m
[90mGET /index.html [36m304 [90m1ms[0m
[90mGET /lib/svg-edit-2.7/jgraduate/css/jPicker.css [36m304 [90m2ms[0m
[90mGET /lib/svg-edit-2.7/spinbtn/JQuerySpinBtn.css [36m304 [90m1ms[0m
[90mGET /lib/svg-edit-2.7/svg-editor.css [36m304 [90m1ms[0m
[90mGET /lib/svg-edit-2.7/jquery.js [36m304 [90m1ms[0m
[90mGET /lib/svg-edit-2.7/jgraduate/css/jgraduate.css [36m304 [90m2ms[0m
[90mGET /style.css [36m304 [90m2ms[0m
[90mGET /lib/svg-edit-2.7/js-hotkeys/jquery.hotkeys.min.js [36m304 [90m2ms[0m
[90mGET /lib/svg-edit-2.7/jquerybbq/jquery.bbq.min.js [36m304 [90m1ms[0m
[90mGET /lib/svg-edit-2.7/svgicons/jquery.svgicons.js [36m304 [90m1ms[0m
[90mGET /lib/svg-edit-2.7/jgraduate/jquery.jgraduate.min.js [36m304 [90m1ms[0m
[90mGET /lib/svg-edit-2.7/spinbtn/JQuerySpinBtn.min.js [36m304 [90m1ms[0m
[90mGET /lib/svg-edit-2.7/touch.js [36m304 [90m1ms[0m
[90mGET /lib/svg-edit-2.7/svgedit.js [36m304 [90m1ms[0m
[90mGET /lib/svg-edit-2.7/jquery-svg.js [36m304 [90m1ms[0m
[90mGET /lib/svg-edit-2.7/browser.js [36m304 [90m1ms[0m
[90mGET /lib/svg-edit-2.7/contextmenu/jquery.contextMenu.js [36m304 [90m1ms[0m
[90mGET /lib/svg-edit-2.7/svgtransformlist.js [36m304 [90m2ms[0m
[90mGET /lib/svg-edit-2.7/math.js [36m304 [90m1ms[0m
[90mGET /lib/svg-edit-2.7/units.js [36m304 [90m2ms[0m
[90mGET /lib/svg-edit-2.7/svgutils.js [36m304 [90m1ms[0m
[90mGET /lib/svg-edit-2.7/sanitize.js [36m304 [90m1ms[0m
[90mGET /lib/svg-edit-2.7/history.js [36m304 [90m1ms[0m
[90mGET /lib/svg-edit-2.7/coords.js [36m304 [90m1ms[0m
[90mGET /lib/svg-edit-2.7/recalculate.js [36m304 [90m0ms[0m
[90mGET /lib/svg-edit-2.7/select.js [36m304 [90m10ms[0m
[90mGET /lib/svg-edit-2.7/draw.js [36m304 [90m1ms[0m
[90mGET /lib/svg-edit-2.7/path.js [36m304 [90m1ms[0m
[90mGET /lib/svg-edit-2.7/svgcanvas.js [36m304 [90m2ms[0m
[90mGET /lib/svg-edit-2.7/svg-editor.js [36m304 [90m1ms[0m
[90mGET /lib/svg-edit-2.7/locale/locale.js [36m304 [90m1ms[0m
[90mGET /lib/svg-edit-2.7/contextmenu.js [36m304 [90m2ms[0m
[90mGET /lib/svg-edit-2.7/config.js [36m304 [90m1ms[0m
[90mGET /lib/svg-edit-2.7/jquery-ui/jquery-ui-1.8.17.custom.min.js [36m304 [90m1ms[0m
[90mGET /lib/svg-edit-2.7/jgraduate/jpicker.js [36m304 [90m1ms[0m
[90mGET /script.js [36m304 [90m1ms[0m
[90mGET /lib/svg-edit-2.7/images/svg_edit_icons.svg [36m304 [90m1ms[0m
[90mGET /lib/svg-edit-2.7/locale/lang.en.js?_=1424425839544 [32m200 [90m4ms - 8.96kb[0m
[90mGET /lib/svg-edit-2.7/images/rotate.png [36m304 [90m1ms[0m
[90mGET /lib/svg-edit-2.7/spinbtn/spinbtn_updn.png [36m304 [90m1ms[0m
[90mGET /images/logo.png [33m404 [90m1ms[0m
[90mGET /search.php?words=cat [32m200 [90m4ms - 438[0m
[90mGET /lib/svg-edit-2.7/jgraduate/css/jgraduate.css [36m304 [90m2ms[0m
[90mGET /style.css [36m304 [90m2ms[0m
[90mGET /lib/svg-edit-2.7/svg-editor.css [36m304 [90m2ms[0m
[90mGET /lib/svg-edit-2.7/spinbtn/JQuerySpinBtn.css [36m304 [90m2ms[0m
[90mGET /lib/svg-edit-2.7/jgraduate/css/jPicker.css [36m304 [90m3ms[0m
[90mGET /lib/svg-edit-2.7/jgraduate/css/jPicker.css [36m304 [90m4ms[0m
[90mGET /lib/svg-edit-2.7/svg-editor.css [36m304 [90m3ms[0m
[90mGET /lib/svg-edit-2.7/jgraduate/css/jgraduate.css [36m304 [90m2ms[0m
[90mGET /style.css [36m304 [90m3ms[0m
[90mGET /lib/svg-edit-2.7/spinbtn/JQuerySpinBtn.css [36m304 [90m3ms[0m
[90mGET /search.php?words=cat [36m304 [90m2ms[0m
[90mGET /index.html [32m200 [90m3ms - 29.86kb[0m
[90mGET /lib/svg-edit-2.7/jgraduate/css/jgraduate.css [32m200 [90m2ms - 5.41kb[0m
[90mGET /lib/svg-edit-2.7/jgraduate/css/jPicker.css [32m200 [90m2ms - 3.46kb[0m
[90mGET /lib/svg-edit-2.7/spinbtn/JQuerySpinBtn.css [32m200 [90m1ms - 2.08kb[0m
[90mGET /lib/svg-edit-2.7/svg-editor.css [32m200 [90m2ms - 23.36kb[0m
[90mGET /lib/svg-edit-2.7/js-hotkeys/jquery.hotkeys.min.js [32m200 [90m4ms - 1.81kb[0m
[90mGET /style.css [32m200 [90m3ms - 738[0m
[90mGET /lib/svg-edit-2.7/jquerybbq/jquery.bbq.min.js [32m200 [90m1ms - 4.03kb[0m
[90mGET /lib/svg-edit-2.7/jquery.js [32m200 [90m2ms - 91.67kb[0m
[90mGET /lib/svg-edit-2.7/svgicons/jquery.svgicons.js [32m200 [90m2ms - 13.92kb[0m
[90mGET /lib/svg-edit-2.7/svgedit.js [32m200 [90m2ms - 808[0m
[90mGET /lib/svg-edit-2.7/jquery-svg.js [32m200 [90m2ms - 2.04kb[0m
[90mGET /lib/svg-edit-2.7/browser.js [32m200 [90m4ms - 6.15kb[0m
[90mGET /lib/svg-edit-2.7/contextmenu/jquery.contextMenu.js [32m200 [90m4ms - 6.17kb[0m
[90mGET /lib/svg-edit-2.7/svgtransformlist.js [32m200 [90m3ms - 7.69kb[0m
[90mGET /lib/svg-edit-2.7/history.js [32m200 [90m2ms - 19.95kb[0m
[90mGET /lib/svg-edit-2.7/svgutils.js [32m200 [90m1ms - 19.47kb[0m
[90mGET /lib/svg-edit-2.7/sanitize.js [32m200 [90m1ms - 14.03kb[0m
[90mGET /lib/svg-edit-2.7/jgraduate/jquery.jgraduate.min.js [32m200 [90m3ms - 19.14kb[0m
[90mGET /lib/svg-edit-2.7/spinbtn/JQuerySpinBtn.min.js [32m200 [90m1ms - 3.51kb[0m
[90mGET /lib/svg-edit-2.7/touch.js [32m200 [90m2ms - 1.13kb[0m
[90mGET /lib/svg-edit-2.7/math.js [32m200 [90m2ms - 6.82kb[0m
[90mGET /lib/svg-edit-2.7/select.js [32m200 [90m7ms - 15.2kb[0m
[90mGET /lib/svg-edit-2.7/recalculate.js [32m200 [90m7ms - 28.47kb[0m
[90mGET /lib/svg-edit-2.7/path.js [32m200 [90m2ms - 25.01kb[0m
[90mGET /lib/svg-edit-2.7/draw.js [32m200 [90m2ms - 15.67kb[0m
[90mGET /lib/svg-edit-2.7/svgcanvas.js [32m200 [90m3ms - 222.57kb[0m
[90mGET /lib/svg-edit-2.7/svg-editor.js [32m200 [90m5ms - 157.73kb[0m
[90mGET /lib/svg-edit-2.7/coords.js [32m200 [90m2ms - 10.2kb[0m
[90mGET /lib/svg-edit-2.7/locale/locale.js [32m200 [90m2ms - 9.49kb[0m
[90mGET /lib/svg-edit-2.7/contextmenu.js [32m200 [90m2ms - 2.58kb[0m
[90mGET /lib/svg-edit-2.7/config.js [32m200 [90m2ms - 427[0m
[90mGET /lib/svg-edit-2.7/jquery-ui/jquery-ui-1.8.17.custom.min.js [32m200 [90m2ms - 38.3kb[0m
[90mGET /lib/svg-edit-2.7/jgraduate/jpicker.js [32m200 [90m1ms - 97.71kb[0m
[90mGET /script.js [32m200 [90m2ms - 1.03kb[0m
[90mGET /lib/svg-edit-2.7/images/logo.png [32m200 [90m4ms - 3.89kb[0m
[90mGET /lib/svg-edit-2.7/images/logo.png [36m304 [90m1ms[0m
[90mGET /lib/svg-edit-2.7/units.js [32m200 [90m2ms - 7.6kb[0m
[90mGET /lib/svg-edit-2.7/locale/lang.en.js?_=1424426185689 [32m200 [90m3ms - 8.96kb[0m
[90mGET /lib/svg-edit-2.7/images/svg_edit_icons.svg [32m200 [90m3ms - 64.8kb[0m
[90mGET /images/logo.png [33m404 [90m1ms[0m
[90mGET /lib/svg-edit-2.7/spinbtn/spinbtn_updn.png [32m200 [90m2ms - 666[0m
[90mGET /search.php?words=car [32m200 [90m2ms - 438[0m
[90mGET /search.php?words=car [36m304 [90m2ms[0m
[90mGET /svgedit/ [33m404 [90m6ms[0m
[90mGET /svgedit/index.html [33m404 [90m2ms[0m
20 Feb 19:05:44 - Listening port 3000
[90mGET /svgedit/index.html [32m200 [90m16ms - 29.86kb[0m
[90mGET /svgedit/style.css [32m200 [90m3ms - 738[0m
[90mGET /svgedit/script.js [32m200 [90m3ms - 1.03kb[0m
[90mGET /svgedit/lib/svg-edit-2.7/sanitize.js [32m200 [90m3ms - 14.03kb[0m
[90mGET /svgedit/index.html [32m200 [90m6ms - 30.13kb[0m
[90mGET /svgedit/lib/svg-edit-2.7/jgraduate/css/jPicker.css [32m200 [90m7ms - 3.46kb[0m
[90mGET /svgedit/lib/svg-edit-2.7/jgraduate/css/jgraduate.css [32m200 [90m7ms - 5.41kb[0m
[90mGET /svgedit/lib/svg-edit-2.7/svg-editor.css [32m200 [90m6ms - 23.36kb[0m
[90mGET /svgedit/lib/svg-edit-2.7/spinbtn/JQuerySpinBtn.css [32m200 [90m6ms - 2.08kb[0m
[90mGET /svgedit/style.css [36m304 [90m2ms[0m
[90mGET /svgedit/lib/svg-edit-2.7/js-hotkeys/jquery.hotkeys.min.js [32m200 [90m6ms - 1.81kb[0m
[90mGET /svgedit/lib/svg-edit-2.7/jquerybbq/jquery.bbq.min.js [32m200 [90m5ms - 4.03kb[0m
[90mGET /svgedit/lib/svg-edit-2.7/jquery.js [32m200 [90m7ms - 91.67kb[0m
[90mGET /svgedit/lib/svg-edit-2.7/svgicons/jquery.svgicons.js [32m200 [90m2ms - 13.92kb[0m
[90mGET /svgedit/lib/svg-edit-2.7/jgraduate/jquery.jgraduate.min.js [32m200 [90m2ms - 19.14kb[0m
[90mGET /svgedit/lib/svg-edit-2.7/spinbtn/JQuerySpinBtn.min.js [32m200 [90m1ms - 3.51kb[0m
[90mGET /svgedit/lib/svg-edit-2.7/touch.js [32m200 [90m6ms - 1.13kb[0m
[90mGET /svgedit/lib/svg-edit-2.7/svgedit.js [32m200 [90m4ms - 808[0m
[90mGET /svgedit/lib/svg-edit-2.7/jquery-svg.js [32m200 [90m2ms - 2.04kb[0m
[90mGET /svgedit/lib/svg-edit-2.7/contextmenu/jquery.contextMenu.js [32m200 [90m2ms - 6.17kb[0m
[90mGET /svgedit/lib/svg-edit-2.7/browser.js [32m200 [90m3ms - 6.15kb[0m
[90mGET /svgedit/lib/svg-edit-2.7/svgtransformlist.js [32m200 [90m2ms - 7.69kb[0m
[90mGET /svgedit/lib/svg-edit-2.7/math.js [32m200 [90m7ms - 6.82kb[0m
[90mGET /svgedit/lib/svg-edit-2.7/units.js [32m200 [90m6ms - 7.6kb[0m
[90mGET /svgedit/lib/svg-edit-2.7/svgutils.js [32m200 [90m6ms - 19.47kb[0m
[90mGET /svgedit/lib/svg-edit-2.7/history.js [32m200 [90m5ms - 19.95kb[0m
[90mGET /svgedit/lib/svg-edit-2.7/coords.js [32m200 [90m3ms - 10.2kb[0m
[90mGET /svgedit/lib/svg-edit-2.7/recalculate.js [32m200 [90m1ms - 28.47kb[0m
[90mGET /svgedit/lib/svg-edit-2.7/select.js [32m200 [90m2ms - 15.2kb[0m
[90mGET /svgedit/lib/svg-edit-2.7/draw.js [32m200 [90m2ms - 15.67kb[0m
[90mGET /svgedit/lib/svg-edit-2.7/path.js [32m200 [90m8ms - 25.01kb[0m
[90mGET /svgedit/lib/svg-edit-2.7/svg-editor.js [32m200 [90m12ms - 157.73kb[0m
[90mGET /svgedit/lib/svg-edit-2.7/locale/locale.js [32m200 [90m9ms - 9.49kb[0m
[90mGET /svgedit/lib/svg-edit-2.7/svgcanvas.js [32m200 [90m13ms - 222.57kb[0m
[90mGET /svgedit/lib/svg-edit-2.7/contextmenu.js [32m200 [90m2ms - 2.58kb[0m
[90mGET /svgedit/lib/svg-edit-2.7/config.js [32m200 [90m2ms - 427[0m
[90mGET /svgedit/lib/svg-edit-2.7/jquery-ui/jquery-ui-1.8.17.custom.min.js [32m200 [90m2ms - 38.3kb[0m
[90mGET /svgedit/lib/svg-edit-2.7/jgraduate/jpicker.js [32m200 [90m3ms - 97.71kb[0m
[90mGET /svgedit/lib/svg-edit-2.7/sanitize.js [36m304 [90m2ms[0m
[90mGET /svgedit/script.js [36m304 [90m4ms[0m
[90mGET /svgedit/lib/svg-edit-2.7/locale/lang.en.js?_=1424427497149 [32m200 [90m5ms - 8.96kb[0m
[90mGET /svgedit/lib/svg-edit-2.7/images/svg_edit_icons.svg [32m200 [90m4ms - 64.8kb[0m
[90mGET /svgedit/lib/svg-edit-2.7/images/rotate.png [32m200 [90m2ms - 1.46kb[0m
[90mGET /svgedit/lib/svg-edit-2.7/images/logo.png [32m200 [90m3ms - 3.89kb[0m
[90mGET /svgedit/lib/svg-edit-2.7/spinbtn/spinbtn_updn.png [32m200 [90m2ms - 666[0m
[90mGET /svgedit/images/logo.png [33m404 [90m3ms[0m
